#
# A fatal error has been detected by the Java Runtime Environment:
#
#  EXCEPTION_ACCESS_VIOLATION (0xc0000005) at pc=0x00007ffccc2602ab, pid=13596, tid=13284
#
# JRE version: OpenJDK Runtime Environment (15.0.1+9) (build 15.0.1+9-18)
# Java VM: OpenJDK 64-Bit Server VM (15.0.1+9-18, mixed mode, sharing, tiered, compressed oops, g1 gc, windows-amd64)
# Problematic frame:
# C  [skiko.dll+0x902ab]
#
# No core dump will be written. Minidumps are not enabled by default on client versions of Windows
#
# If you would like to submit a bug report, please visit:
#   https://bugreport.java.com/bugreport/crash.jsp
# The crash happened outside the Java Virtual Machine in native code.
# See problematic frame for where to report the bug.
#

---------------  S U M M A R Y ------------

Command Line: -javaagent:C:\Program Files\JetBrains\IntelliJ IDEA Community Edition 2020.2.3\lib\idea_rt.jar=52606:C:\Program Files\JetBrains\IntelliJ IDEA Community Edition 2020.2.3\bin -Dfile.encoding=UTF-8 com.github.yandroidua.ui.AppKt

Host: Intel(R) Core(TM) i7-9700K CPU @ 3.60GHz, 8 cores, 31G,  Windows 10 , 64 bit Build 19041 (10.0.19041.546)
Time: Sun Nov 15 12:47:08 2020 FLE Standard Time elapsed time: 5.007569 seconds (0d 0h 0m 5s)

---------------  T H R E A D  ---------------

Current thread (0x000002665ad15b00):  JavaThread "AWT-EventQueue-0" [_thread_in_native, id=13284, stack(0x00000099d6a00000,0x00000099d6b00000)]

Stack: [0x00000099d6a00000,0x00000099d6b00000],  sp=0x00000099d6afcc00,  free space=1011k
Native frames: (J=compiled Java code, j=interpreted, Vv=VM code, C=native code)
C  [skiko.dll+0x902ab]

Java frames: (J=compiled Java code, j=interpreted, Vv=VM code)
j  org.jetbrains.skija.Canvas._nDrawString(JLjava/lang/String;FFJJ)V+0
j  org.jetbrains.skija.Canvas.drawString(Ljava/lang/String;FFLorg/jetbrains/skija/Font;Lorg/jetbrains/skija/Paint;)Lorg/jetbrains/skija/Canvas;+20
j  com.github.yandroidua.ui.elements.Line.onDraw(Landroidx/compose/ui/graphics/drawscope/DrawScope;)V+87
j  com.github.yandroidua.ui.screens.PanelScreenKt$DrawArea$4.invoke(Landroidx/compose/ui/graphics/drawscope/DrawScope;)V+64
j  com.github.yandroidua.ui.screens.PanelScreenKt$DrawArea$4.invoke(Ljava/lang/Object;)Ljava/lang/Object;+5
j  androidx.compose.ui.DrawBackgroundModifier.draw(Landroidx/compose/ui/ContentDrawScope;)V+11
j  androidx.compose.ui.node.ModifiedDrawNode.draw(Landroidx/compose/ui/graphics/Canvas;)V+320
j  androidx.compose.ui.node.DelegatingLayoutNodeWrapper.draw(Landroidx/compose/ui/graphics/Canvas;)V+54
j  androidx.compose.ui.node.DelegatingLayoutNodeWrapper.draw(Landroidx/compose/ui/graphics/Canvas;)V+54
j  androidx.compose.ui.node.DelegatingLayoutNodeWrapper.draw(Landroidx/compose/ui/graphics/Canvas;)V+54
j  androidx.compose.ui.node.LayoutNodeDrawScope.drawContent()V+39
j  androidx.compose.foundation.Background.draw(Landroidx/compose/ui/ContentDrawScope;)V+30
j  androidx.compose.ui.node.ModifiedDrawNode.draw(Landroidx/compose/ui/graphics/Canvas;)V+320
j  androidx.compose.ui.node.ModifiedLayoutNode.draw(Landroidx/compose/ui/graphics/Canvas;)V+54
j  androidx.compose.ui.node.LayoutNode.draw(Landroidx/compose/ui/graphics/Canvas;)V+12
j  androidx.compose.ui.node.InnerPlaceable.draw(Landroidx/compose/ui/graphics/Canvas;)V+222
j  androidx.compose.ui.node.LayoutNode.draw(Landroidx/compose/ui/graphics/Canvas;)V+12
j  androidx.compose.ui.node.InnerPlaceable.draw(Landroidx/compose/ui/graphics/Canvas;)V+222
j  androidx.compose.ui.node.LayoutNodeDrawScope.drawContent()V+39
j  androidx.compose.foundation.Background.draw(Landroidx/compose/ui/ContentDrawScope;)V+30
j  androidx.compose.ui.node.ModifiedDrawNode.draw(Landroidx/compose/ui/graphics/Canvas;)V+320
j  androidx.compose.ui.node.ModifiedLayoutNode.draw(Landroidx/compose/ui/graphics/Canvas;)V+54
j  androidx.compose.ui.node.LayoutNode.draw(Landroidx/compose/ui/graphics/Canvas;)V+12
j  androidx.compose.ui.node.InnerPlaceable.draw(Landroidx/compose/ui/graphics/Canvas;)V+222
j  androidx.compose.ui.node.DelegatingLayoutNodeWrapper.draw(Landroidx/compose/ui/graphics/Canvas;)V+54
j  androidx.compose.ui.node.DelegatingLayoutNodeWrapper.draw(Landroidx/compose/ui/graphics/Canvas;)V+54
j  androidx.compose.ui.node.LayoutNode.draw(Landroidx/compose/ui/graphics/Canvas;)V+12
j  androidx.compose.ui.node.InnerPlaceable.draw(Landroidx/compose/ui/graphics/Canvas;)V+222
j  androidx.compose.ui.node.DelegatingLayoutNodeWrapper.draw(Landroidx/compose/ui/graphics/Canvas;)V+54
j  androidx.compose.ui.node.DelegatingLayoutNodeWrapper.draw(Landroidx/compose/ui/graphics/Canvas;)V+54
j  androidx.compose.ui.node.DelegatingLayoutNodeWrapper.draw(Landroidx/compose/ui/graphics/Canvas;)V+54
j  androidx.compose.ui.node.DelegatingLayoutNodeWrapper.draw(Landroidx/compose/ui/graphics/Canvas;)V+54
j  androidx.compose.ui.node.LayerWrapper.invoke(Landroidx/compose/ui/graphics/Canvas;)V+114
j  androidx.compose.ui.node.LayerWrapper.invoke(Ljava/lang/Object;)Ljava/lang/Object;+5
j  androidx.compose.ui.platform.DesktopOwner$createLayer$2$1.invoke()V+8
j  androidx.compose.ui.platform.DesktopOwner$createLayer$2$1.invoke()Ljava/lang/Object;+1
j  androidx.compose.runtime.snapshots.Snapshot$Companion.observe(Lkotlin/jvm/functions/Function1;Lkotlin/jvm/functions/Function1;Lkotlin/jvm/functions/Function0;)Ljava/lang/Object;+110
j  androidx.compose.runtime.snapshots.SnapshotStateObserver.observeReads(Ljava/lang/Object;Lkotlin/jvm/functions/Function1;Lkotlin/jvm/functions/Function0;)V+123
j  androidx.compose.ui.platform.DesktopOwner.observeDrawModelReads(Landroidx/compose/ui/platform/SkijaLayer;Lkotlin/jvm/functions/Function0;)V+13
j  androidx.compose.ui.platform.DesktopOwner.access$observeDrawModelReads(Landroidx/compose/ui/platform/DesktopOwner;Landroidx/compose/ui/platform/SkijaLayer;Lkotlin/jvm/functions/Function0;)V+3
j  androidx.compose.ui.platform.DesktopOwner$createLayer$2.invoke(Landroidx/compose/ui/platform/SkijaLayer;Landroidx/compose/ui/graphics/Canvas;)V+32
j  androidx.compose.ui.platform.DesktopOwner$createLayer$2.invoke(Ljava/lang/Object;Ljava/lang/Object;)Ljava/lang/Object;+9
j  androidx.compose.ui.platform.SkijaLayer.performDrawLayer(Landroidx/compose/ui/graphics/DesktopCanvas;Landroidx/compose/ui/geometry/Rect;)V+206
j  androidx.compose.ui.platform.SkijaLayer.drawLayer(Landroidx/compose/ui/graphics/Canvas;)V+68
j  androidx.compose.ui.node.LayerWrapper.draw(Landroidx/compose/ui/graphics/Canvas;)V+11
j  androidx.compose.ui.node.LayoutNode.draw(Landroidx/compose/ui/graphics/Canvas;)V+12
j  androidx.compose.ui.platform.DesktopOwner.draw(Lorg/jetbrains/skija/Canvas;)V+22
j  androidx.compose.ui.platform.DesktopOwners.onFrame(Lorg/jetbrains/skija/Canvas;IIJLkotlin/coroutines/Continuation;)Ljava/lang/Object;+308
j  androidx.compose.ui.platform.DesktopOwners$onFrame$1.invokeSuspend(Ljava/lang/Object;)Ljava/lang/Object;+28
J 1359 c1 kotlin.coroutines.jvm.internal.BaseContinuationImpl.resumeWith(Ljava/lang/Object;)V (142 bytes) @ 0x00000266357c8d7c [0x00000266357c8a20+0x000000000000035c]
J 1733 c1 kotlinx.coroutines.DispatchedTask.run()V (580 bytes) @ 0x000002663589848c [0x0000026635896fc0+0x00000000000014cc]
J 1915 c2 java.awt.EventQueue.dispatchEventImpl(Ljava/awt/AWTEvent;Ljava/lang/Object;)V java.desktop@15.0.1 (136 bytes) @ 0x000002663cb78924 [0x000002663cb785c0+0x0000000000000364]
J 1300 c1 java.awt.EventQueue$4.run()Ljava/lang/Void; java.desktop@15.0.1 (60 bytes) @ 0x00000266357b1c44 [0x00000266357b1b00+0x0000000000000144]
J 1263 c1 java.awt.EventQueue.dispatchEvent(Ljava/awt/AWTEvent;)V java.desktop@15.0.1 (80 bytes) @ 0x000002663579d42c [0x000002663579ce60+0x00000000000005cc]
J 1265 c1 java.awt.EventDispatchThread.pumpOneEventForFilters(I)V java.desktop@15.0.1 (113 bytes) @ 0x000002663579f5a4 [0x000002663579ef00+0x00000000000006a4]
j  java.awt.EventDispatchThread.pumpEventsForFilter(ILjava/awt/Conditional;Ljava/awt/EventFilter;)V+35 java.desktop@15.0.1
j  java.awt.EventDispatchThread.pumpEventsForHierarchy(ILjava/awt/Conditional;Ljava/awt/Component;)V+11 java.desktop@15.0.1
j  java.awt.EventDispatchThread.pumpEvents(ILjava/awt/Conditional;)V+4 java.desktop@15.0.1
j  java.awt.EventDispatchThread.pumpEvents(Ljava/awt/Conditional;)V+3 java.desktop@15.0.1
j  java.awt.EventDispatchThread.run()V+9 java.desktop@15.0.1
v  ~StubRoutines::call_stub

siginfo: EXCEPTION_ACCESS_VIOLATION (0xc0000005), reading address 0x0000000000000000


Register to memory mapping:

RIP=0x00007ffccc2602ab skiko.dll
RAX=0x0000026666682770 points into unknown readable memory: 0x00000266668ecbf8 | f8 cb 8e 66 66 02 00 00
RBX=0x0000026666682770 points into unknown readable memory: 0x00000266668ecbf8 | f8 cb 8e 66 66 02 00 00
RCX=0x0 is NULL
RDX=0x0000000000000020 is an unknown value
RSP=0x00000099d6afcc00 is pointing into the stack for thread: 0x000002665ad15b00
RBP=0x00000099d6afcd00 is pointing into the stack for thread: 0x000002665ad15b00
RSI=0x0000000000000068 is an unknown value
RDI=0x0000000000000001 is an unknown value
R8 =0x00000000000000e0 is an unknown value
R9 =0x0000000000000022 is an unknown value
R10=0x00000000000000c0 is an unknown value
R11=0x0046300000000200 is an unknown value
R12=0x0000000000000006 is an unknown value
R13=0xffffffffffffffff is an unknown value
R14=0x0 is NULL
R15=0x00000099d6afceb0 is pointing into the stack for thread: 0x000002665ad15b00


Registers:
RAX=0x0000026666682770, RBX=0x0000026666682770, RCX=0x0000000000000000, RDX=0x0000000000000020
RSP=0x00000099d6afcc00, RBP=0x00000099d6afcd00, RSI=0x0000000000000068, RDI=0x0000000000000001
R8 =0x00000000000000e0, R9 =0x0000000000000022, R10=0x00000000000000c0, R11=0x0046300000000200
R12=0x0000000000000006, R13=0xffffffffffffffff, R14=0x0000000000000000, R15=0x00000099d6afceb0
RIP=0x00007ffccc2602ab, EFLAGS=0x0000000000010246

Top of Stack: (sp=0x00000099d6afcc00)
0x00000099d6afcc00:   000002666685a938 0000000000000000
0x00000099d6afcc10:   000002666685a938 00000099d6afcd00
0x00000099d6afcc20:   0000000000000000 0000026600000000
0x00000099d6afcc30:   00000000000003d8 000002662ad50000
0x00000099d6afcc40:   000002662ad502a8 00007ffcf1ecca78
0x00000099d6afcc50:   0000000000000020 000002662ad50d80
0x00000099d6afcc60:   0000000000000000 0000000000000000
0x00000099d6afcc70:   0000000000000000 0000000000000020
0x00000099d6afcc80:   0000000000000010 0000000000000002
0x00000099d6afcc90:   0000000000000000 00000099d6afcd69
0x00000099d6afcca0:   000002662ab80000 00007ffd3f846e2c
0x00000099d6afccb0:   0000026666682770 0000000000000088
0x00000099d6afccc0:   0000000000000020 0000000000000000
0x00000099d6afccd0:   0000000000000000 0000020000000000
0x00000099d6afcce0:   0000000000000000 00000099d6afcc40
0x00000099d6afccf0:   0000000000000006 0000000000000008 

Instructions: (pc=0x00007ffccc2602ab)
0x00007ffccc2601ab:   8b c8 4c 23 c0 49 c1 e1 20 41 0f b6 c2 4c 03 c9
0x00007ffccc2601bb:   4c 3b c9 44 8b d6 0f 43 d0 4d 85 c0 0f b6 c2 44
0x00007ffccc2601cb:   0f 44 d0 49 8d 43 03 8b ce 4c 8b c0 49 83 e0 fc
0x00007ffccc2601db:   49 83 c0 28 4d 03 c8 49 3b c3 41 0f b6 c2 0f 93
0x00007ffccc2601eb:   c2 49 83 f8 28 0f 43 c8 22 d1 8b ce 4d 3b c8 0f
0x00007ffccc2601fb:   b6 c2 0f 43 c8 49 8d 41 07 48 8b f0 48 83 e6 f8
0x00007ffccc26020b:   49 3b c1 0f 93 c0 84 c1 75 19 33 f6 0f 57 c0 8b
0x00007ffccc26021b:   fe 48 89 75 e8 66 0f 7f 45 f0 48 89 75 00 e9 3d
0x00007ffccc26022b:   01 00 00 48 8b 55 c0 48 8d 0c 32 48 3b ca 0f 93
0x00007ffccc26023b:   c0 48 3b 4d b8 77 05 48 3b ca 73 60 83 7d d8 00
0x00007ffccc26024b:   48 8b ca 75 0b ba 20 00 00 00 48 89 55 c0 8b ca
0x00007ffccc26025b:   4c 8d 04 31 4c 3b c1 4c 89 45 b8 0f 93 c1 84 c8
0x00007ffccc26026b:   74 09 4d 85 c0 75 07 33 c0 eb 1b 4d 8b c5 48 8b
0x00007ffccc26027b:   4d b0 49 8b d0 48 c7 45 b0 00 00 00 00 e8 b0 57
0x00007ffccc26028b:   f7 ff 48 8b 55 c0 48 8b 4d b0 48 89 45 b0 48 85
0x00007ffccc26029b:   c9 74 09 e8 67 8e f8 ff 48 8b 55 c0 48 8b 5d b0
0x00007ffccc2602ab:   49 8b 0e 48 03 da 48 85 c9 74 07 8b c7 f0 0f c1
0x00007ffccc2602bb:   41 08 48 89 0b 48 8d 7b 28 41 8b 46 08 48 8b cb
0x00007ffccc2602cb:   89 43 08 41 8b 46 0c 89 43 0c 41 8b 46 10 89 43
0x00007ffccc2602db:   10 41 0f b6 46 14 88 43 14 41 0f b6 46 15 88 43
0x00007ffccc2602eb:   15 41 0f b6 46 16 88 43 16 44 89 63 18 48 c7 43
0x00007ffccc2602fb:   1c 00 00 00 00 c7 43 24 02 00 00 00 48 89 7d e8
0x00007ffccc26030b:   8b 43 18 48 8d 04 45 03 00 00 00 48 83 e0 fc 48
0x00007ffccc26031b:   83 c0 28 48 03 c3 48 89 45 f0 e8 e6 32 f8 ff 48
0x00007ffccc26032b:   8b cb 48 89 45 f8 e8 17 bf f7 ff ff 45 d8 48 8b
0x00007ffccc26033b:   5d 10 48 89 45 00 48 8b 45 c0 48 89 45 e0 48 03
0x00007ffccc26034b:   c6 48 89 45 c0 33 f6 eb 04 48 8b 7d e8 0f b6 45
0x00007ffccc26035b:   dc 8b c8 84 c0 b8 01 00 00 00 0f 44 c8 88 4d dc
0x00007ffccc26036b:   0f 10 75 e8 44 8b 8d 30 01 00 00 48 8b d3 0f 10
0x00007ffccc26037b:   45 f8 4c 8b 45 20 49 8b ce 44 89 64 24 28 0f 11
0x00007ffccc26038b:   75 90 48 89 7c 24 20 0f 11 45 a0 e8 50 7f f8 ff
0x00007ffccc26039b:   0f 57 c0 45 8b c4 0f 14 c7 66 48 0f 7e f2 f2 0f 


Stack slot to memory mapping:
stack at sp + 0 slots: 0x000002666685a938 points into unknown readable memory: 0x0000323133333231 | 31 32 33 33 31 32 00 00
stack at sp + 1 slots: 0x0 is NULL
stack at sp + 2 slots: 0x000002666685a938 points into unknown readable memory: 0x0000323133333231 | 31 32 33 33 31 32 00 00
stack at sp + 3 slots: 0x00000099d6afcd00 is pointing into the stack for thread: 0x000002665ad15b00
stack at sp + 4 slots: 0x0 is NULL
stack at sp + 5 slots: 0x0000026600000000 is an unknown value
stack at sp + 6 slots: 0x00000000000003d8 is an unknown value
stack at sp + 7 slots: 0x000002662ad50000 points into unknown readable memory: 0x0000000000000000 | 00 00 00 00 00 00 00 00


---------------  P R O C E S S  ---------------

Threads class SMR info:
_java_thread_list=0x000002665a6d7880, length=19, elements={
0x0000026659c98510, 0x0000026659c990f0, 0x0000026659cb1310, 0x0000026659cb3ce0,
0x0000026659cb57a0, 0x0000026659cb6580, 0x0000026659cb8130, 0x0000026659cc7340,
0x000002665a672e50, 0x000002665a870c70, 0x000002665a7666d0, 0x000002665ad17a60,
0x000002665ad1a3c0, 0x000002665ad1b340, 0x000002665ad15b00, 0x000002662cdc8060,
0x000002665af9dee0, 0x000002665b0e1b00, 0x0000026660b3a530
}

Java Threads: ( => current thread )
  0x0000026659c98510 JavaThread "Reference Handler" daemon [_thread_blocked, id=18672, stack(0x00000099d5a00000,0x00000099d5b00000)]
  0x0000026659c990f0 JavaThread "Finalizer" daemon [_thread_blocked, id=11016, stack(0x00000099d5b00000,0x00000099d5c00000)]
  0x0000026659cb1310 JavaThread "Signal Dispatcher" daemon [_thread_blocked, id=8920, stack(0x00000099d5c00000,0x00000099d5d00000)]
  0x0000026659cb3ce0 JavaThread "Attach Listener" daemon [_thread_blocked, id=19400, stack(0x00000099d5d00000,0x00000099d5e00000)]
  0x0000026659cb57a0 JavaThread "Service Thread" daemon [_thread_blocked, id=7792, stack(0x00000099d5e00000,0x00000099d5f00000)]
  0x0000026659cb6580 JavaThread "C2 CompilerThread0" daemon [_thread_blocked, id=18764, stack(0x00000099d5f00000,0x00000099d6000000)]
  0x0000026659cb8130 JavaThread "C1 CompilerThread0" daemon [_thread_blocked, id=17716, stack(0x00000099d6000000,0x00000099d6100000)]
  0x0000026659cc7340 JavaThread "Sweeper thread" daemon [_thread_blocked, id=18496, stack(0x00000099d6100000,0x00000099d6200000)]
  0x000002665a672e50 JavaThread "Common-Cleaner" daemon [_thread_blocked, id=11932, stack(0x00000099d6200000,0x00000099d6300000)]
  0x000002665a870c70 JavaThread "Monitor Ctrl-Break" daemon [_thread_in_native, id=18312, stack(0x00000099d6400000,0x00000099d6500000)]
  0x000002665a7666d0 JavaThread "Notification Thread" daemon [_thread_blocked, id=1984, stack(0x00000099d6500000,0x00000099d6600000)]
  0x000002665ad17a60 JavaThread "Java2D Disposer" daemon [_thread_blocked, id=4740, stack(0x00000099d6700000,0x00000099d6800000)]
  0x000002665ad1a3c0 JavaThread "AWT-Shutdown" [_thread_blocked, id=19232, stack(0x00000099d6800000,0x00000099d6900000)]
  0x000002665ad1b340 JavaThread "AWT-Windows" daemon [_thread_in_native, id=13736, stack(0x00000099d6900000,0x00000099d6a00000)]
=>0x000002665ad15b00 JavaThread "AWT-EventQueue-0" [_thread_in_native, id=13284, stack(0x00000099d6a00000,0x00000099d6b00000)]
  0x000002662cdc8060 JavaThread "DestroyJavaVM" [_thread_blocked, id=9292, stack(0x00000099d5300000,0x00000099d5400000)]
  0x000002665af9dee0 JavaThread "Cleaner-0" daemon [_thread_blocked, id=10820, stack(0x00000099d6b00000,0x00000099d6c00000)]
  0x000002665b0e1b00 JavaThread "D3D Screen Updater" daemon [_thread_blocked, id=18628, stack(0x00000099d7600000,0x00000099d7700000)]
  0x0000026660b3a530 JavaThread "TimerQueue" daemon [_thread_blocked, id=4044, stack(0x00000099d7b00000,0x00000099d7c00000)]

Other Threads:
  0x0000026659c94c80 VMThread "VM Thread" [stack: 0x00000099d5900000,0x00000099d5a00000] [id=10572]
  0x000002665a8bc870 WatcherThread [stack: 0x00000099d6600000,0x00000099d6700000] [id=10012]
  0x000002662ce41090 GCTaskThread "GC Thread#0" [stack: 0x00000099d5400000,0x00000099d5500000] [id=17088]
  0x000002665ae9ce40 GCTaskThread "GC Thread#1" [stack: 0x00000099d6300000,0x00000099d6400000] [id=2316]
  0x000002665ae9a4d0 GCTaskThread "GC Thread#2" [stack: 0x00000099d6e00000,0x00000099d6f00000] [id=1760]
  0x000002665ae9b4c0 GCTaskThread "GC Thread#3" [stack: 0x00000099d6f00000,0x00000099d7000000] [id=12920]
  0x000002665ae9ab30 GCTaskThread "GC Thread#4" [stack: 0x00000099d7000000,0x00000099d7100000] [id=17184]
  0x000002665ae9c180 GCTaskThread "GC Thread#5" [stack: 0x00000099d7100000,0x00000099d7200000] [id=1144]
  0x000002665ae9b7f0 GCTaskThread "GC Thread#6" [stack: 0x00000099d7200000,0x00000099d7300000] [id=1812]
  0x000002665ae994e0 GCTaskThread "GC Thread#7" [stack: 0x00000099d7300000,0x00000099d7400000] [id=4292]
  0x000002662ce52130 ConcurrentGCThread "G1 Main Marker" [stack: 0x00000099d5500000,0x00000099d5600000] [id=10372]
  0x000002662ce52d20 ConcurrentGCThread "G1 Conc#0" [stack: 0x00000099d5600000,0x00000099d5700000] [id=4376]
  0x0000026659b944f0 ConcurrentGCThread "G1 Refine#0" [stack: 0x00000099d5700000,0x00000099d5800000] [id=19308]
  0x0000026659b950f0 ConcurrentGCThread "G1 Young RemSet Sampling" [stack: 0x00000099d5800000,0x00000099d5900000] [id=13412]

Threads with active compile tasks:

VM state: not at safepoint (normal execution)

VM Mutex/Monitor currently owned by a thread: None

Heap address: 0x0000000601400000, size: 8172 MB, Compressed Oops mode: Zero based, Oop shift amount: 3
CDS archive(s) mapped at: [0x0000000800000000-0x0000000800b50000-0x0000000800b50000), size 11862016, SharedBaseAddress: 0x0000000800000000, ArchiveRelocationMode: 0.
Compressed class space mapped at: 0x0000000800b50000-0x0000000840b50000, size: 1073741824
Narrow klass base: 0x0000000800000000, Narrow klass shift: 3, Narrow klass range: 0x100000000

GC Precious Log:
 CPUs: 8 total, 8 available
 Memory: 32679M
 Large Page Support: Disabled
 NUMA Support: Disabled
 Compressed Oops: Enabled (Zero based)
 Heap Region Size: 4M
 Heap Min Capacity: 8M
 Heap Initial Capacity: 512M
 Heap Max Capacity: 8172M
 Pre-touch: Disabled
 Parallel Workers: 8
 Concurrent Workers: 2
 Concurrent Refinement Workers: 8
 Periodic GC: Disabled

Heap:
 garbage-first heap   total 524288K, used 23328K [0x0000000601400000, 0x0000000800000000)
  region size 4096K, 7 young (28672K), 1 survivors (4096K)
 Metaspace       used 17053K, capacity 17248K, committed 17536K, reserved 1064960K
  class space    used 1734K, capacity 1798K, committed 1920K, reserved 1048576K

Heap Regions: E=young(eden), S=young(survivor), O=old, HS=humongous(starts), HC=humongous(continues), CS=collection set, F=free, OA=open archive, CA=closed archive, TAMS=top-at-mark-start (previous, next)
|   0|0x0000000601400000, 0x0000000601400000, 0x0000000601800000|  0%| F|  |TAMS 0x0000000601400000, 0x0000000601400000| Untracked 
|   1|0x0000000601800000, 0x0000000601800000, 0x0000000601c00000|  0%| F|  |TAMS 0x0000000601800000, 0x0000000601800000| Untracked 
|   2|0x0000000601c00000, 0x0000000601c00000, 0x0000000602000000|  0%| F|  |TAMS 0x0000000601c00000, 0x0000000601c00000| Untracked 
|   3|0x0000000602000000, 0x0000000602000000, 0x0000000602400000|  0%| F|  |TAMS 0x0000000602000000, 0x0000000602000000| Untracked 
|   4|0x0000000602400000, 0x0000000602400000, 0x0000000602800000|  0%| F|  |TAMS 0x0000000602400000, 0x0000000602400000| Untracked 
|   5|0x0000000602800000, 0x0000000602800000, 0x0000000602c00000|  0%| F|  |TAMS 0x0000000602800000, 0x0000000602800000| Untracked 
|   6|0x0000000602c00000, 0x0000000602c00000, 0x0000000603000000|  0%| F|  |TAMS 0x0000000602c00000, 0x0000000602c00000| Untracked 
|   7|0x0000000603000000, 0x0000000603000000, 0x0000000603400000|  0%| F|  |TAMS 0x0000000603000000, 0x0000000603000000| Untracked 
|   8|0x0000000603400000, 0x0000000603400000, 0x0000000603800000|  0%| F|  |TAMS 0x0000000603400000, 0x0000000603400000| Untracked 
|   9|0x0000000603800000, 0x0000000603800000, 0x0000000603c00000|  0%| F|  |TAMS 0x0000000603800000, 0x0000000603800000| Untracked 
|  10|0x0000000603c00000, 0x0000000603c00000, 0x0000000604000000|  0%| F|  |TAMS 0x0000000603c00000, 0x0000000603c00000| Untracked 
|  11|0x0000000604000000, 0x0000000604000000, 0x0000000604400000|  0%| F|  |TAMS 0x0000000604000000, 0x0000000604000000| Untracked 
|  12|0x0000000604400000, 0x0000000604400000, 0x0000000604800000|  0%| F|  |TAMS 0x0000000604400000, 0x0000000604400000| Untracked 
|  13|0x0000000604800000, 0x0000000604800000, 0x0000000604c00000|  0%| F|  |TAMS 0x0000000604800000, 0x0000000604800000| Untracked 
|  14|0x0000000604c00000, 0x0000000604c00000, 0x0000000605000000|  0%| F|  |TAMS 0x0000000604c00000, 0x0000000604c00000| Untracked 
|  15|0x0000000605000000, 0x0000000605000000, 0x0000000605400000|  0%| F|  |TAMS 0x0000000605000000, 0x0000000605000000| Untracked 
|  16|0x0000000605400000, 0x0000000605400000, 0x0000000605800000|  0%| F|  |TAMS 0x0000000605400000, 0x0000000605400000| Untracked 
|  17|0x0000000605800000, 0x0000000605800000, 0x0000000605c00000|  0%| F|  |TAMS 0x0000000605800000, 0x0000000605800000| Untracked 
|  18|0x0000000605c00000, 0x0000000605c00000, 0x0000000606000000|  0%| F|  |TAMS 0x0000000605c00000, 0x0000000605c00000| Untracked 
|  19|0x0000000606000000, 0x0000000606000000, 0x0000000606400000|  0%| F|  |TAMS 0x0000000606000000, 0x0000000606000000| Untracked 
|  20|0x0000000606400000, 0x0000000606400000, 0x0000000606800000|  0%| F|  |TAMS 0x0000000606400000, 0x0000000606400000| Untracked 
|  21|0x0000000606800000, 0x0000000606800000, 0x0000000606c00000|  0%| F|  |TAMS 0x0000000606800000, 0x0000000606800000| Untracked 
|  22|0x0000000606c00000, 0x0000000606c00000, 0x0000000607000000|  0%| F|  |TAMS 0x0000000606c00000, 0x0000000606c00000| Untracked 
|  23|0x0000000607000000, 0x0000000607000000, 0x0000000607400000|  0%| F|  |TAMS 0x0000000607000000, 0x0000000607000000| Untracked 
|  24|0x0000000607400000, 0x0000000607400000, 0x0000000607800000|  0%| F|  |TAMS 0x0000000607400000, 0x0000000607400000| Untracked 
|  25|0x0000000607800000, 0x0000000607800000, 0x0000000607c00000|  0%| F|  |TAMS 0x0000000607800000, 0x0000000607800000| Untracked 
|  26|0x0000000607c00000, 0x0000000607c00000, 0x0000000608000000|  0%| F|  |TAMS 0x0000000607c00000, 0x0000000607c00000| Untracked 
|  27|0x0000000608000000, 0x0000000608000000, 0x0000000608400000|  0%| F|  |TAMS 0x0000000608000000, 0x0000000608000000| Untracked 
|  28|0x0000000608400000, 0x0000000608400000, 0x0000000608800000|  0%| F|  |TAMS 0x0000000608400000, 0x0000000608400000| Untracked 
|  29|0x0000000608800000, 0x0000000608800000, 0x0000000608c00000|  0%| F|  |TAMS 0x0000000608800000, 0x0000000608800000| Untracked 
|  30|0x0000000608c00000, 0x0000000608c00000, 0x0000000609000000|  0%| F|  |TAMS 0x0000000608c00000, 0x0000000608c00000| Untracked 
|  31|0x0000000609000000, 0x0000000609000000, 0x0000000609400000|  0%| F|  |TAMS 0x0000000609000000, 0x0000000609000000| Untracked 
|  32|0x0000000609400000, 0x0000000609400000, 0x0000000609800000|  0%| F|  |TAMS 0x0000000609400000, 0x0000000609400000| Untracked 
|  33|0x0000000609800000, 0x0000000609800000, 0x0000000609c00000|  0%| F|  |TAMS 0x0000000609800000, 0x0000000609800000| Untracked 
|  34|0x0000000609c00000, 0x0000000609c00000, 0x000000060a000000|  0%| F|  |TAMS 0x0000000609c00000, 0x0000000609c00000| Untracked 
|  35|0x000000060a000000, 0x000000060a000000, 0x000000060a400000|  0%| F|  |TAMS 0x000000060a000000, 0x000000060a000000| Untracked 
|  36|0x000000060a400000, 0x000000060a400000, 0x000000060a800000|  0%| F|  |TAMS 0x000000060a400000, 0x000000060a400000| Untracked 
|  37|0x000000060a800000, 0x000000060a800000, 0x000000060ac00000|  0%| F|  |TAMS 0x000000060a800000, 0x000000060a800000| Untracked 
|  38|0x000000060ac00000, 0x000000060ac00000, 0x000000060b000000|  0%| F|  |TAMS 0x000000060ac00000, 0x000000060ac00000| Untracked 
|  39|0x000000060b000000, 0x000000060b000000, 0x000000060b400000|  0%| F|  |TAMS 0x000000060b000000, 0x000000060b000000| Untracked 
|  40|0x000000060b400000, 0x000000060b400000, 0x000000060b800000|  0%| F|  |TAMS 0x000000060b400000, 0x000000060b400000| Untracked 
|  41|0x000000060b800000, 0x000000060b800000, 0x000000060bc00000|  0%| F|  |TAMS 0x000000060b800000, 0x000000060b800000| Untracked 
|  42|0x000000060bc00000, 0x000000060bc00000, 0x000000060c000000|  0%| F|  |TAMS 0x000000060bc00000, 0x000000060bc00000| Untracked 
|  43|0x000000060c000000, 0x000000060c000000, 0x000000060c400000|  0%| F|  |TAMS 0x000000060c000000, 0x000000060c000000| Untracked 
|  44|0x000000060c400000, 0x000000060c400000, 0x000000060c800000|  0%| F|  |TAMS 0x000000060c400000, 0x000000060c400000| Untracked 
|  45|0x000000060c800000, 0x000000060c800000, 0x000000060cc00000|  0%| F|  |TAMS 0x000000060c800000, 0x000000060c800000| Untracked 
|  46|0x000000060cc00000, 0x000000060cc00000, 0x000000060d000000|  0%| F|  |TAMS 0x000000060cc00000, 0x000000060cc00000| Untracked 
|  47|0x000000060d000000, 0x000000060d000000, 0x000000060d400000|  0%| F|  |TAMS 0x000000060d000000, 0x000000060d000000| Untracked 
|  48|0x000000060d400000, 0x000000060d400000, 0x000000060d800000|  0%| F|  |TAMS 0x000000060d400000, 0x000000060d400000| Untracked 
|  49|0x000000060d800000, 0x000000060d800000, 0x000000060dc00000|  0%| F|  |TAMS 0x000000060d800000, 0x000000060d800000| Untracked 
|  50|0x000000060dc00000, 0x000000060dc00000, 0x000000060e000000|  0%| F|  |TAMS 0x000000060dc00000, 0x000000060dc00000| Untracked 
|  51|0x000000060e000000, 0x000000060e000000, 0x000000060e400000|  0%| F|  |TAMS 0x000000060e000000, 0x000000060e000000| Untracked 
|  52|0x000000060e400000, 0x000000060e400000, 0x000000060e800000|  0%| F|  |TAMS 0x000000060e400000, 0x000000060e400000| Untracked 
|  53|0x000000060e800000, 0x000000060e800000, 0x000000060ec00000|  0%| F|  |TAMS 0x000000060e800000, 0x000000060e800000| Untracked 
|  54|0x000000060ec00000, 0x000000060ec00000, 0x000000060f000000|  0%| F|  |TAMS 0x000000060ec00000, 0x000000060ec00000| Untracked 
|  55|0x000000060f000000, 0x000000060f000000, 0x000000060f400000|  0%| F|  |TAMS 0x000000060f000000, 0x000000060f000000| Untracked 
|  56|0x000000060f400000, 0x000000060f400000, 0x000000060f800000|  0%| F|  |TAMS 0x000000060f400000, 0x000000060f400000| Untracked 
|  57|0x000000060f800000, 0x000000060f800000, 0x000000060fc00000|  0%| F|  |TAMS 0x000000060f800000, 0x000000060f800000| Untracked 
|  58|0x000000060fc00000, 0x000000060fc00000, 0x0000000610000000|  0%| F|  |TAMS 0x000000060fc00000, 0x000000060fc00000| Untracked 
|  59|0x0000000610000000, 0x0000000610000000, 0x0000000610400000|  0%| F|  |TAMS 0x0000000610000000, 0x0000000610000000| Untracked 
|  60|0x0000000610400000, 0x0000000610400000, 0x0000000610800000|  0%| F|  |TAMS 0x0000000610400000, 0x0000000610400000| Untracked 
|  61|0x0000000610800000, 0x0000000610800000, 0x0000000610c00000|  0%| F|  |TAMS 0x0000000610800000, 0x0000000610800000| Untracked 
|  62|0x0000000610c00000, 0x0000000610c00000, 0x0000000611000000|  0%| F|  |TAMS 0x0000000610c00000, 0x0000000610c00000| Untracked 
|  63|0x0000000611000000, 0x0000000611000000, 0x0000000611400000|  0%| F|  |TAMS 0x0000000611000000, 0x0000000611000000| Untracked 
|  64|0x0000000611400000, 0x0000000611400000, 0x0000000611800000|  0%| F|  |TAMS 0x0000000611400000, 0x0000000611400000| Untracked 
|  65|0x0000000611800000, 0x0000000611800000, 0x0000000611c00000|  0%| F|  |TAMS 0x0000000611800000, 0x0000000611800000| Untracked 
|  66|0x0000000611c00000, 0x0000000611c00000, 0x0000000612000000|  0%| F|  |TAMS 0x0000000611c00000, 0x0000000611c00000| Untracked 
|  67|0x0000000612000000, 0x0000000612000000, 0x0000000612400000|  0%| F|  |TAMS 0x0000000612000000, 0x0000000612000000| Untracked 
|  68|0x0000000612400000, 0x0000000612400000, 0x0000000612800000|  0%| F|  |TAMS 0x0000000612400000, 0x0000000612400000| Untracked 
|  69|0x0000000612800000, 0x0000000612800000, 0x0000000612c00000|  0%| F|  |TAMS 0x0000000612800000, 0x0000000612800000| Untracked 
|  70|0x0000000612c00000, 0x0000000612c00000, 0x0000000613000000|  0%| F|  |TAMS 0x0000000612c00000, 0x0000000612c00000| Untracked 
|  71|0x0000000613000000, 0x0000000613000000, 0x0000000613400000|  0%| F|  |TAMS 0x0000000613000000, 0x0000000613000000| Untracked 
|  72|0x0000000613400000, 0x0000000613400000, 0x0000000613800000|  0%| F|  |TAMS 0x0000000613400000, 0x0000000613400000| Untracked 
|  73|0x0000000613800000, 0x0000000613800000, 0x0000000613c00000|  0%| F|  |TAMS 0x0000000613800000, 0x0000000613800000| Untracked 
|  74|0x0000000613c00000, 0x0000000613c00000, 0x0000000614000000|  0%| F|  |TAMS 0x0000000613c00000, 0x0000000613c00000| Untracked 
|  75|0x0000000614000000, 0x0000000614000000, 0x0000000614400000|  0%| F|  |TAMS 0x0000000614000000, 0x0000000614000000| Untracked 
|  76|0x0000000614400000, 0x0000000614400000, 0x0000000614800000|  0%| F|  |TAMS 0x0000000614400000, 0x0000000614400000| Untracked 
|  77|0x0000000614800000, 0x0000000614800000, 0x0000000614c00000|  0%| F|  |TAMS 0x0000000614800000, 0x0000000614800000| Untracked 
|  78|0x0000000614c00000, 0x0000000614c00000, 0x0000000615000000|  0%| F|  |TAMS 0x0000000614c00000, 0x0000000614c00000| Untracked 
|  79|0x0000000615000000, 0x0000000615000000, 0x0000000615400000|  0%| F|  |TAMS 0x0000000615000000, 0x0000000615000000| Untracked 
|  80|0x0000000615400000, 0x0000000615400000, 0x0000000615800000|  0%| F|  |TAMS 0x0000000615400000, 0x0000000615400000| Untracked 
|  81|0x0000000615800000, 0x0000000615800000, 0x0000000615c00000|  0%| F|  |TAMS 0x0000000615800000, 0x0000000615800000| Untracked 
|  82|0x0000000615c00000, 0x0000000615c00000, 0x0000000616000000|  0%| F|  |TAMS 0x0000000615c00000, 0x0000000615c00000| Untracked 
|  83|0x0000000616000000, 0x0000000616000000, 0x0000000616400000|  0%| F|  |TAMS 0x0000000616000000, 0x0000000616000000| Untracked 
|  84|0x0000000616400000, 0x0000000616400000, 0x0000000616800000|  0%| F|  |TAMS 0x0000000616400000, 0x0000000616400000| Untracked 
|  85|0x0000000616800000, 0x0000000616800000, 0x0000000616c00000|  0%| F|  |TAMS 0x0000000616800000, 0x0000000616800000| Untracked 
|  86|0x0000000616c00000, 0x0000000616c00000, 0x0000000617000000|  0%| F|  |TAMS 0x0000000616c00000, 0x0000000616c00000| Untracked 
|  87|0x0000000617000000, 0x0000000617000000, 0x0000000617400000|  0%| F|  |TAMS 0x0000000617000000, 0x0000000617000000| Untracked 
|  88|0x0000000617400000, 0x0000000617400000, 0x0000000617800000|  0%| F|  |TAMS 0x0000000617400000, 0x0000000617400000| Untracked 
|  89|0x0000000617800000, 0x0000000617800000, 0x0000000617c00000|  0%| F|  |TAMS 0x0000000617800000, 0x0000000617800000| Untracked 
|  90|0x0000000617c00000, 0x0000000617c00000, 0x0000000618000000|  0%| F|  |TAMS 0x0000000617c00000, 0x0000000617c00000| Untracked 
|  91|0x0000000618000000, 0x0000000618000000, 0x0000000618400000|  0%| F|  |TAMS 0x0000000618000000, 0x0000000618000000| Untracked 
|  92|0x0000000618400000, 0x0000000618400000, 0x0000000618800000|  0%| F|  |TAMS 0x0000000618400000, 0x0000000618400000| Untracked 
|  93|0x0000000618800000, 0x0000000618800000, 0x0000000618c00000|  0%| F|  |TAMS 0x0000000618800000, 0x0000000618800000| Untracked 
|  94|0x0000000618c00000, 0x0000000618c00000, 0x0000000619000000|  0%| F|  |TAMS 0x0000000618c00000, 0x0000000618c00000| Untracked 
|  95|0x0000000619000000, 0x0000000619000000, 0x0000000619400000|  0%| F|  |TAMS 0x0000000619000000, 0x0000000619000000| Untracked 
|  96|0x0000000619400000, 0x0000000619400000, 0x0000000619800000|  0%| F|  |TAMS 0x0000000619400000, 0x0000000619400000| Untracked 
|  97|0x0000000619800000, 0x0000000619800000, 0x0000000619c00000|  0%| F|  |TAMS 0x0000000619800000, 0x0000000619800000| Untracked 
|  98|0x0000000619c00000, 0x0000000619c00000, 0x000000061a000000|  0%| F|  |TAMS 0x0000000619c00000, 0x0000000619c00000| Untracked 
|  99|0x000000061a000000, 0x000000061a000000, 0x000000061a400000|  0%| F|  |TAMS 0x000000061a000000, 0x000000061a000000| Untracked 
| 100|0x000000061a400000, 0x000000061a400000, 0x000000061a800000|  0%| F|  |TAMS 0x000000061a400000, 0x000000061a400000| Untracked 
| 101|0x000000061a800000, 0x000000061a800000, 0x000000061ac00000|  0%| F|  |TAMS 0x000000061a800000, 0x000000061a800000| Untracked 
| 102|0x000000061ac00000, 0x000000061ac00000, 0x000000061b000000|  0%| F|  |TAMS 0x000000061ac00000, 0x000000061ac00000| Untracked 
| 103|0x000000061b000000, 0x000000061b000000, 0x000000061b400000|  0%| F|  |TAMS 0x000000061b000000, 0x000000061b000000| Untracked 
| 104|0x000000061b400000, 0x000000061b400000, 0x000000061b800000|  0%| F|  |TAMS 0x000000061b400000, 0x000000061b400000| Untracked 
| 105|0x000000061b800000, 0x000000061b800000, 0x000000061bc00000|  0%| F|  |TAMS 0x000000061b800000, 0x000000061b800000| Untracked 
| 106|0x000000061bc00000, 0x000000061bc00000, 0x000000061c000000|  0%| F|  |TAMS 0x000000061bc00000, 0x000000061bc00000| Untracked 
| 107|0x000000061c000000, 0x000000061c000000, 0x000000061c400000|  0%| F|  |TAMS 0x000000061c000000, 0x000000061c000000| Untracked 
| 108|0x000000061c400000, 0x000000061c400000, 0x000000061c800000|  0%| F|  |TAMS 0x000000061c400000, 0x000000061c400000| Untracked 
| 109|0x000000061c800000, 0x000000061c800000, 0x000000061cc00000|  0%| F|  |TAMS 0x000000061c800000, 0x000000061c800000| Untracked 
| 110|0x000000061cc00000, 0x000000061cc00000, 0x000000061d000000|  0%| F|  |TAMS 0x000000061cc00000, 0x000000061cc00000| Untracked 
| 111|0x000000061d000000, 0x000000061d000000, 0x000000061d400000|  0%| F|  |TAMS 0x000000061d000000, 0x000000061d000000| Untracked 
| 112|0x000000061d400000, 0x000000061d400000, 0x000000061d800000|  0%| F|  |TAMS 0x000000061d400000, 0x000000061d400000| Untracked 
| 113|0x000000061d800000, 0x000000061d800000, 0x000000061dc00000|  0%| F|  |TAMS 0x000000061d800000, 0x000000061d800000| Untracked 
| 114|0x000000061dc00000, 0x000000061dc00000, 0x000000061e000000|  0%| F|  |TAMS 0x000000061dc00000, 0x000000061dc00000| Untracked 
| 115|0x000000061e000000, 0x000000061e000000, 0x000000061e400000|  0%| F|  |TAMS 0x000000061e000000, 0x000000061e000000| Untracked 
| 116|0x000000061e400000, 0x000000061e400000, 0x000000061e800000|  0%| F|  |TAMS 0x000000061e400000, 0x000000061e400000| Untracked 
| 117|0x000000061e800000, 0x000000061e800000, 0x000000061ec00000|  0%| F|  |TAMS 0x000000061e800000, 0x000000061e800000| Untracked 
| 118|0x000000061ec00000, 0x000000061ec00000, 0x000000061f000000|  0%| F|  |TAMS 0x000000061ec00000, 0x000000061ec00000| Untracked 
| 119|0x000000061f000000, 0x000000061f000000, 0x000000061f400000|  0%| F|  |TAMS 0x000000061f000000, 0x000000061f000000| Untracked 
| 120|0x000000061f400000, 0x000000061f400000, 0x000000061f800000|  0%| F|  |TAMS 0x000000061f400000, 0x000000061f400000| Untracked 
| 121|0x000000061f800000, 0x000000061fac8310, 0x000000061fc00000| 69%| S|CS|TAMS 0x000000061f800000, 0x000000061f800000| Complete 
| 122|0x000000061fc00000, 0x000000061ff24520, 0x0000000620000000| 78%| E|  |TAMS 0x000000061fc00000, 0x000000061fc00000| Complete 
| 123|0x0000000620000000, 0x0000000620400000, 0x0000000620400000|100%| E|CS|TAMS 0x0000000620000000, 0x0000000620000000| Complete 
| 124|0x0000000620400000, 0x0000000620800000, 0x0000000620800000|100%| E|CS|TAMS 0x0000000620400000, 0x0000000620400000| Complete 
| 125|0x0000000620800000, 0x0000000620c00000, 0x0000000620c00000|100%| E|CS|TAMS 0x0000000620800000, 0x0000000620800000| Complete 
| 126|0x0000000620c00000, 0x0000000621000000, 0x0000000621000000|100%| E|CS|TAMS 0x0000000620c00000, 0x0000000620c00000| Complete 
| 127|0x0000000621000000, 0x0000000621400000, 0x0000000621400000|100%| E|CS|TAMS 0x0000000621000000, 0x0000000621000000| Complete 

Card table byte_map: [0x0000026645320000,0x0000026646320000] _byte_map_base: 0x0000026642316000

Marking Bits (Prev, Next): (CMBitMap*) 0x000002662ce41880, (CMBitMap*) 0x000002662ce418c0
 Prev Bits: [0x0000026647320000, 0x000002664f2d0000)
 Next Bits: [0x000002664f2d0000, 0x0000026657280000)

Polling page: 0x000002662ade0000

Metaspace:

Usage:
  Non-class:     15.09 MB capacity,    14.96 MB (>99%) used,   112.13 KB ( <1%) free+waste,    18.75 KB ( <1%) overhead. 
      Class:      1.76 MB capacity,     1.69 MB ( 96%) used,    57.09 KB (  3%) free+waste,     6.50 KB ( <1%) overhead. 
       Both:     16.84 MB capacity,    16.65 MB ( 99%) used,   169.23 KB ( <1%) free+waste,    25.25 KB ( <1%) overhead. 

Virtual space:
  Non-class space:       16.00 MB reserved,      15.25 MB ( 95%) committed 
      Class space:        1.00 GB reserved,       1.88 MB ( <1%) committed 
             Both:        1.02 GB reserved,      17.12 MB (  2%) committed 

Chunk freelists:
   Non-Class:  38.00 KB
       Class:  26.00 KB
        Both:  64.00 KB

MaxMetaspaceSize: 17179869184.00 GB
CompressedClassSpaceSize: 1.00 GB

CodeHeap 'non-profiled nmethods': size=120000Kb used=750Kb max_used=750Kb free=119249Kb
 bounds [0x000002663cac0000, 0x000002663cd30000, 0x0000026643ff0000]
CodeHeap 'profiled nmethods': size=120000Kb used=3434Kb max_used=3434Kb free=116566Kb
 bounds [0x0000026635590000, 0x00000266358f0000, 0x000002663cac0000]
CodeHeap 'non-nmethods': size=5760Kb used=1506Kb max_used=1556Kb free=4253Kb
 bounds [0x0000026634ff0000, 0x0000026635260000, 0x0000026635590000]
 total_blobs=2786 nmethods=1929 adapters=770
 compilation: enabled
              stopped_count=0, restarted_count=0
 full_count=0

Compilation events (20 events):
Event: 4.565 Thread 0x0000026659cb6580 1921       4       sun.awt.AWTAutoShutdown::notifyToolkitThreadFree (8 bytes)
Event: 4.566 Thread 0x0000026659cb6580 nmethod 1921 0x000002663cb7a910 code [0x000002663cb7aaa0, 0x000002663cb7ae58]
Event: 4.673 Thread 0x0000026659cb6580 1922       4       androidx.compose.ui.node.LayoutNodeWrapper::getParentCoordinates (48 bytes)
Event: 4.674 Thread 0x0000026659cb6580 nmethod 1922 0x000002663cb7b090 code [0x000002663cb7b220, 0x000002663cb7b378]
Event: 4.725 Thread 0x0000026659cb8130 1923       3       java.util.ArrayList::toArray (12 bytes)
Event: 4.725 Thread 0x0000026659cb8130 nmethod 1923 0x00000266358e5b10 code [0x00000266358e5cc0, 0x00000266358e5e88]
Event: 4.925 Thread 0x0000026659cb6580 1924       4       java.util.LinkedHashMap$LinkedHashIterator::hasNext (13 bytes)
Event: 4.925 Thread 0x0000026659cb6580 nmethod 1924 0x000002663cb7b590 code [0x000002663cb7b700, 0x000002663cb7b778]
Event: 5.000 Thread 0x0000026659cb8130 1926       3       androidx.compose.ui.input.pointer.Node::addOffset-_Y-C5QU (206 bytes)
Event: 5.000 Thread 0x0000026659cb8130 nmethod 1926 0x00000266358e5f90 code [0x00000266358e6280, 0x00000266358e7368]
Event: 5.000 Thread 0x0000026659cb8130 1927       3       androidx.compose.ui.graphics.drawscope.CanvasDrawScope$DrawParams::setDensity (12 bytes)
Event: 5.001 Thread 0x0000026659cb8130 nmethod 1927 0x00000266358e7910 code [0x00000266358e7b20, 0x00000266358e8138]
Event: 5.001 Thread 0x0000026659cb8130 1928       3       androidx.compose.ui.graphics.drawscope.CanvasDrawScope$DrawParams::setLayoutDirection (12 bytes)
Event: 5.001 Thread 0x0000026659cb8130 nmethod 1928 0x00000266358e8390 code [0x00000266358e85a0, 0x00000266358e8bb8]
Event: 5.001 Thread 0x0000026659cb8130 1929       3       androidx.compose.ui.graphics.drawscope.CanvasDrawScope$DrawParams::setCanvas (12 bytes)
Event: 5.001 Thread 0x0000026659cb8130 nmethod 1929 0x00000266358e8e10 code [0x00000266358e9020, 0x00000266358e9638]
Event: 5.001 Thread 0x0000026659cb8130 1930       3       androidx.compose.ui.node.DelegatingLayoutNodeWrapper::draw (72 bytes)
Event: 5.001 Thread 0x0000026659cb8130 nmethod 1930 0x00000266358e9890 code [0x00000266358e9b00, 0x00000266358ea4c8]
Event: 5.001 Thread 0x0000026659cb8130 1925       1       androidx.compose.ui.input.pointer.PointerInputChange::getConsumed (5 bytes)
Event: 5.001 Thread 0x0000026659cb8130 nmethod 1925 0x000002663cb7b890 code [0x000002663cb7ba20, 0x000002663cb7bad8]

GC Heap History (2 events):
Event: 0.509 GC heap before
{Heap before GC invocations=0 (full 0):
 garbage-first heap   total 524288K, used 24576K [0x0000000601400000, 0x0000000800000000)
  region size 4096K, 6 young (24576K), 0 survivors (0K)
 Metaspace       used 10664K, capacity 10782K, committed 10880K, reserved 1058816K
  class space    used 1051K, capacity 1117K, committed 1152K, reserved 1048576K
}
Event: 0.512 GC heap after
{Heap after GC invocations=1 (full 0):
 garbage-first heap   total 524288K, used 2848K [0x0000000601400000, 0x0000000800000000)
  region size 4096K, 1 young (4096K), 1 survivors (4096K)
 Metaspace       used 10664K, capacity 10782K, committed 10880K, reserved 1058816K
  class space    used 1051K, capacity 1117K, committed 1152K, reserved 1048576K
}

Deoptimization events (20 events):
Event: 1.688 Thread 0x000002665ad15b00 Uncommon trap: trap_request=0xffffffc6 fr.pc=0x000002663cb38fc4 relative=0x0000000000000124
Event: 1.688 Thread 0x000002665ad15b00 Uncommon trap: reason=bimorphic_or_optimized_type_check action=maybe_recompile pc=0x000002663cb38fc4 method=androidx.compose.ui.node.LayoutNodeWrapper.localToRoot-k-4lQ0M(J)J @ 1 c2
Event: 1.688 Thread 0x000002665ad15b00 DEOPT PACKING pc=0x000002663cb38fc4 sp=0x00000099d6afe8e0
Event: 1.688 Thread 0x000002665ad15b00 DEOPT UNPACKING pc=0x000002663503e42f sp=0x00000099d6afe858 mode 2
Event: 1.690 Thread 0x000002665ad15b00 Uncommon trap: trap_request=0xffffffc6 fr.pc=0x000002663cb38fc4 relative=0x0000000000000124
Event: 1.690 Thread 0x000002665ad15b00 Uncommon trap: reason=bimorphic_or_optimized_type_check action=maybe_recompile pc=0x000002663cb38fc4 method=androidx.compose.ui.node.LayoutNodeWrapper.localToRoot-k-4lQ0M(J)J @ 1 c2
Event: 1.690 Thread 0x000002665ad15b00 DEOPT PACKING pc=0x000002663cb38fc4 sp=0x00000099d6afe8e0
Event: 1.690 Thread 0x000002665ad15b00 DEOPT UNPACKING pc=0x000002663503e42f sp=0x00000099d6afe858 mode 2
Event: 1.690 Thread 0x000002665ad15b00 Uncommon trap: trap_request=0xffffffc6 fr.pc=0x000002663cb38fc4 relative=0x0000000000000124
Event: 1.690 Thread 0x000002665ad15b00 Uncommon trap: reason=bimorphic_or_optimized_type_check action=maybe_recompile pc=0x000002663cb38fc4 method=androidx.compose.ui.node.LayoutNodeWrapper.localToRoot-k-4lQ0M(J)J @ 1 c2
Event: 1.690 Thread 0x000002665ad15b00 DEOPT PACKING pc=0x000002663cb38fc4 sp=0x00000099d6afe8e0
Event: 1.690 Thread 0x000002665ad15b00 DEOPT UNPACKING pc=0x000002663503e42f sp=0x00000099d6afe858 mode 2
Event: 1.691 Thread 0x000002665ad15b00 Uncommon trap: trap_request=0xffffffc6 fr.pc=0x000002663cb38fc4 relative=0x0000000000000124
Event: 1.691 Thread 0x000002665ad15b00 Uncommon trap: reason=bimorphic_or_optimized_type_check action=maybe_recompile pc=0x000002663cb38fc4 method=androidx.compose.ui.node.LayoutNodeWrapper.localToRoot-k-4lQ0M(J)J @ 1 c2
Event: 1.691 Thread 0x000002665ad15b00 DEOPT PACKING pc=0x000002663cb38fc4 sp=0x00000099d6afe8e0
Event: 1.691 Thread 0x000002665ad15b00 DEOPT UNPACKING pc=0x000002663503e42f sp=0x00000099d6afe858 mode 2
Event: 2.174 Thread 0x000002665ad15b00 Uncommon trap: trap_request=0xffffff45 fr.pc=0x000002663cb2dedc relative=0x000000000000005c
Event: 2.174 Thread 0x000002665ad15b00 Uncommon trap: reason=unstable_if action=reinterpret pc=0x000002663cb2dedc method=androidx.compose.ui.node.LayerWrapper.getMatrixCache-sQKQjiQ()[F @ 6 c2
Event: 2.174 Thread 0x000002665ad15b00 DEOPT PACKING pc=0x000002663cb2dedc sp=0x00000099d6afdaa0
Event: 2.174 Thread 0x000002665ad15b00 DEOPT UNPACKING pc=0x000002663503e42f sp=0x00000099d6afda08 mode 2

Classes unloaded (0 events):
No events

Classes redefined (0 events):
No events

Internal exceptions (14 events):
Event: 0.096 Thread 0x000002665a870c70 Exception <a 'java/lang/NoSuchMethodError'{0x00000006212ea2a8}: 'java.lang.Object java.lang.invoke.DirectMethodHandle$Holder.invokeStatic(java.lang.Object)'> (0x00000006212ea2a8) 
thrown [./open/src/hotspot/share/interpreter/linkResolver.cpp, line 782]
Event: 0.097 Thread 0x000002665a870c70 Exception <a 'java/lang/NoSuchMethodError'{0x00000006212edbb8}: 'java.lang.Object java.lang.invoke.DirectMethodHandle$Holder.invokeStaticInit(java.lang.Object)'> (0x00000006212edbb8) 
thrown [./open/src/hotspot/share/interpreter/linkResolver.cpp, line 782]
Event: 0.101 Thread 0x000002665a870c70 Exception <a 'java/lang/NoSuchMethodError'{0x00000006212faf78}: 'void java.lang.invoke.DirectMethodHandle$Holder.invokeStatic(java.lang.Object, java.lang.Object)'> (0x00000006212faf78) 
thrown [./open/src/hotspot/share/interpreter/linkResolver.cpp, line 782]
Event: 0.148 Thread 0x000002662cdc8060 Exception <a 'java/lang/ClassNotFoundException'{0x00000006208d00c0}: sun/awt/resources/spi/awtProvider> (0x00000006208d00c0) 
thrown [./open/src/hotspot/share/classfile/systemDictionary.cpp, line 295]
Event: 0.163 Thread 0x000002662cdc8060 Exception <a 'java/io/FileNotFoundException'{0x0000000620929188}> (0x0000000620929188) 
thrown [./open/src/hotspot/share/prims/jni.cpp, line 578]
Event: 0.168 Thread 0x000002662cdc8060 Exception <a 'java/io/FileNotFoundException'{0x0000000620957bd8}> (0x0000000620957bd8) 
thrown [./open/src/hotspot/share/prims/jni.cpp, line 578]
Event: 0.171 Thread 0x000002662cdc8060 Exception <a 'java/lang/NoSuchMethodError'{0x000000062095d530}: 'void java.lang.invoke.DirectMethodHandle$Holder.invokeSpecial(java.lang.Object, java.lang.Object, java.lang.Object)'> (0x000000062095d530) 
thrown [./open/src/hotspot/share/interpreter/linkResolver.cpp, line 782]
Event: 0.238 Thread 0x000002665ad15b00 Exception <a 'java/lang/NoSuchMethodError'{0x0000000620485010}: 'void java.lang.invoke.DirectMethodHandle$Holder.invokeStaticInit(java.lang.Object)'> (0x0000000620485010) 
thrown [./open/src/hotspot/share/interpreter/linkResolver.cpp, line 782]
Event: 0.241 Thread 0x000002665ad15b00 Exception <a 'java/lang/NoSuchMethodError'{0x00000006204a9950}: 'java.lang.Object java.lang.invoke.DirectMethodHandle$Holder.newInvokeSpecial(java.lang.Object, java.lang.Object, java.lang.Object, java.lang.Object, java.lang.Object)'> (0x00000006204a9950) 
thrown [./open/src/hotspot/share/interpreter/linkResolver.cpp, line 782]
Event: 0.242 Thread 0x000002665ad15b00 Exception <a 'java/lang/NoSuchMethodError'{0x00000006204b53e0}: 'java.lang.Object java.lang.invoke.DirectMethodHandle$Holder.invokeStatic(java.lang.Object, int, java.lang.Object, java.lang.Object, java.lang.Object, java.lang.Object)'> (0x00000006204b53e0) 
thrown [./open/src/hotspot/share/interpreter/linkResolver.cpp, line 782]
Event: 0.245 Thread 0x000002665ad15b00 Exception <a 'java/lang/NoSuchMethodError'{0x00000006204db688}: 'java.lang.Object java.lang.invoke.DirectMethodHandle$Holder.invokeStatic(java.lang.Object, int, java.lang.Object)'> (0x00000006204db688) 
thrown [./open/src/hotspot/share/interpreter/linkResolver.cpp, line 782]
Event: 0.256 Thread 0x000002665ad15b00 Exception <a 'java/lang/ClassNotFoundException'{0x000000062055e6a8}: com/sun/java/swing/plaf/windows/resources/spi/windowsProvider> (0x000000062055e6a8) 
thrown [./open/src/hotspot/share/classfile/systemDictionary.cpp, line 295]
Event: 0.256 Thread 0x000002665ad15b00 Exception <a 'java/lang/ClassNotFoundException'{0x0000000620562970}: com/sun/swing/internal/plaf/basic/resources/spi/basicProvider> (0x0000000620562970) 
thrown [./open/src/hotspot/share/classfile/systemDictionary.cpp, line 295]
Event: 1.411 Thread 0x000002665ad15b00 Implicit null exception at 0x000002663cb36be0 to 0x000002663cb36ed9

Events (20 events):
Event: 1.635 loading class sun/net/ProgressMonitor done
Event: 1.635 loading class sun/net/DefaultProgressMeteringPolicy
Event: 1.635 loading class sun/net/ProgressMeteringPolicy
Event: 1.635 loading class sun/net/ProgressMeteringPolicy done
Event: 1.635 loading class sun/net/DefaultProgressMeteringPolicy done
Event: 1.636 loading class java/lang/NoSuchFieldError
Event: 1.636 loading class java/lang/NoSuchFieldError done
Event: 1.663 Thread 0x000002666675fad0 Thread added: 0x000002666675fad0
Event: 1.673 Loaded shared library C:\Users\andy\.skiko\08cdc36e153f43a2f006d3680687bd29bf1281609389e73b3c4671d81507e321\skiko.dll
Event: 2.590 Executing VM operation: ICBufferFull
Event: 2.590 Executing VM operation: ICBufferFull done
Event: 2.590 Executing VM operation: HandshakeAllThreads
Event: 2.590 Executing VM operation: HandshakeAllThreads done
Event: 2.591 Thread 0x000002666675fad0 Thread exited: 0x000002666675fad0
Event: 3.597 Executing VM operation: HandshakeAllThreads
Event: 3.597 Executing VM operation: HandshakeAllThreads done
Event: 3.783 loading class java/security/DomainCombiner
Event: 3.783 loading class java/security/DomainCombiner done
Event: 4.606 Executing VM operation: HandshakeAllThreads
Event: 4.606 Executing VM operation: HandshakeAllThreads done


Dynamic libraries:
0x00007ff64caa0000 - 0x00007ff64caad000 	C:\Users\andy\.jdks\openjdk-15.0.1\bin\java.exe
0x00007ffd3f830000 - 0x00007ffd3fa26000 	C:\Windows\SYSTEM32\ntdll.dll
0x00007ffd3e920000 - 0x00007ffd3e9dd000 	C:\Windows\System32\KERNEL32.DLL
0x00007ffd3d5c0000 - 0x00007ffd3d888000 	C:\Windows\System32\KERNELBASE.dll
0x00007ffd3d130000 - 0x00007ffd3d230000 	C:\Windows\System32\ucrtbase.dll
0x00007ffd16f30000 - 0x00007ffd16f49000 	C:\Users\andy\.jdks\openjdk-15.0.1\bin\VCRUNTIME140.dll
0x00007ffd16800000 - 0x00007ffd16818000 	C:\Users\andy\.jdks\openjdk-15.0.1\bin\jli.dll
0x00007ffd3e9e0000 - 0x00007ffd3eb80000 	C:\Windows\System32\USER32.dll
0x00007ffd3d100000 - 0x00007ffd3d122000 	C:\Windows\System32\win32u.dll
0x00007ffd3df30000 - 0x00007ffd3df5a000 	C:\Windows\System32\GDI32.dll
0x00007ffd2e9f0000 - 0x00007ffd2ec8b000 	C:\Windows\WinSxS\amd64_microsoft.windows.common-controls_6595b64144ccf1df_6.0.19041.488_none_ca04af081b815d21\COMCTL32.dll
0x00007ffd3d230000 - 0x00007ffd3d339000 	C:\Windows\System32\gdi32full.dll
0x00007ffd3d9b0000 - 0x00007ffd3da4e000 	C:\Windows\System32\msvcrt.dll
0x00007ffd3d340000 - 0x00007ffd3d3dd000 	C:\Windows\System32\msvcp_win.dll
0x00007ffd3d890000 - 0x00007ffd3d8c0000 	C:\Windows\System32\IMM32.DLL
0x00007ffd35fb0000 - 0x00007ffd35fbc000 	C:\Users\andy\.jdks\openjdk-15.0.1\bin\vcruntime140_1.dll
0x00007ffd055b0000 - 0x00007ffd05641000 	C:\Users\andy\.jdks\openjdk-15.0.1\bin\msvcp140.dll
0x00007ffcf16f0000 - 0x00007ffcf224e000 	C:\Users\andy\.jdks\openjdk-15.0.1\bin\server\jvm.dll
0x00007ffd3f3e0000 - 0x00007ffd3f48c000 	C:\Windows\System32\ADVAPI32.dll
0x00007ffd3ed80000 - 0x00007ffd3ee1b000 	C:\Windows\System32\sechost.dll
0x00007ffd3e7f0000 - 0x00007ffd3e914000 	C:\Windows\System32\RPCRT4.dll
0x00007ffd3dec0000 - 0x00007ffd3dec8000 	C:\Windows\System32\PSAPI.DLL
0x00007ffd304c0000 - 0x00007ffd304c9000 	C:\Windows\SYSTEM32\WSOCK32.dll
0x00007ffd25ca0000 - 0x00007ffd25cc7000 	C:\Windows\SYSTEM32\WINMM.dll
0x00007ffd36d60000 - 0x00007ffd36d6a000 	C:\Windows\SYSTEM32\VERSION.dll
0x00007ffd3f6a0000 - 0x00007ffd3f70b000 	C:\Windows\System32\WS2_32.dll
0x00007ffd3ae00000 - 0x00007ffd3ae12000 	C:\Windows\SYSTEM32\kernel.appcore.dll
0x00007ffd347b0000 - 0x00007ffd347ba000 	C:\Users\andy\.jdks\openjdk-15.0.1\bin\jimage.dll
0x00007ffd36710000 - 0x00007ffd368f4000 	C:\Windows\SYSTEM32\DBGHELP.DLL
0x00007ffd366e0000 - 0x00007ffd3670c000 	C:\Windows\SYSTEM32\dbgcore.DLL
0x00007ffd3d540000 - 0x00007ffd3d5bf000 	C:\Windows\System32\bcryptPrimitives.dll
0x00007ffd38460000 - 0x00007ffd3846e000 	C:\Users\andy\.jdks\openjdk-15.0.1\bin\instrument.dll
0x00007ffd167d0000 - 0x00007ffd167f5000 	C:\Users\andy\.jdks\openjdk-15.0.1\bin\java.dll
0x00007ffd3df60000 - 0x00007ffd3e6a1000 	C:\Windows\System32\SHELL32.dll
0x00007ffd3b0e0000 - 0x00007ffd3b875000 	C:\Windows\SYSTEM32\windows.storage.dll
0x00007ffd3ee20000 - 0x00007ffd3f175000 	C:\Windows\System32\combase.dll
0x00007ffd3c9e0000 - 0x00007ffd3ca0c000 	C:\Windows\SYSTEM32\Wldp.dll
0x00007ffd3f200000 - 0x00007ffd3f2ae000 	C:\Windows\System32\SHCORE.dll
0x00007ffd3f490000 - 0x00007ffd3f4e5000 	C:\Windows\System32\shlwapi.dll
0x00007ffd3cea0000 - 0x00007ffd3cec6000 	C:\Windows\SYSTEM32\profapi.dll
0x00007ffd05590000 - 0x00007ffd055a8000 	C:\Users\andy\.jdks\openjdk-15.0.1\bin\zip.dll
0x00007ffd167b0000 - 0x00007ffd167c9000 	C:\Users\andy\.jdks\openjdk-15.0.1\bin\net.dll
0x00007ffd360e0000 - 0x00007ffd361e0000 	C:\Windows\SYSTEM32\WINHTTP.dll
0x00007ffd3c760000 - 0x00007ffd3c7ca000 	C:\Windows\system32\mswsock.dll
0x00007ffd0d200000 - 0x00007ffd0d212000 	C:\Users\andy\.jdks\openjdk-15.0.1\bin\nio.dll
0x00007ffd378e0000 - 0x00007ffd378fa000 	C:\Program Files\JetBrains\IntelliJ IDEA Community Edition 2020.2.3\bin\breakgen64.dll
0x00007ffd2b480000 - 0x00007ffd2b5ff000 	C:\Users\andy\.jdks\openjdk-15.0.1\bin\awt.dll
0x00007ffd3eb80000 - 0x00007ffd3ec4d000 	C:\Windows\System32\OLEAUT32.dll
0x00007ffd3a890000 - 0x00007ffd3a920000 	C:\Windows\SYSTEM32\apphelp.dll
0x00007ffd3aa20000 - 0x00007ffd3aabe000 	C:\Windows\system32\uxtheme.dll
0x00007ffd3f2c0000 - 0x00007ffd3f3d5000 	C:\Windows\System32\MSCTF.dll
0x00007ffd3ec50000 - 0x00007ffd3ed7a000 	C:\Windows\System32\ole32.dll
0x00007ffccc1d0000 - 0x00007ffccce17000 	C:\Users\andy\.skiko\08cdc36e153f43a2f006d3680687bd29bf1281609389e73b3c4671d81507e321\skiko.dll
0x00007ffd0b1b0000 - 0x00007ffd0b2d5000 	C:\Windows\SYSTEM32\OPENGL32.dll
0x00007ffd1fcb0000 - 0x00007ffd1fcdc000 	C:\Windows\SYSTEM32\GLU32.dll
0x00007ffd3add0000 - 0x00007ffd3adff000 	C:\Windows\system32\DWMAPI.DLL
0x00007ffd305f0000 - 0x00007ffd307be000 	C:\Windows\system32\d3d9.dll
0x00007ffd29130000 - 0x00007ffd29232000 	C:\Windows\System32\DriverStore\FileRepository\nvgbdi.inf_amd64_bbb376926fd0f7ba\nvldumdx.dll
0x00007ffd3cb60000 - 0x00007ffd3cb72000 	C:\Windows\SYSTEM32\msasn1.dll
0x00007ffd36ca0000 - 0x00007ffd36cd1000 	C:\Windows\SYSTEM32\cryptnet.dll
0x00007ffd3d3e0000 - 0x00007ffd3d53d000 	C:\Windows\System32\CRYPT32.dll
0x00007ffd3c950000 - 0x00007ffd3c95c000 	C:\Windows\SYSTEM32\cryptbase.dll
0x00007ffd3cf70000 - 0x00007ffd3cfd0000 	C:\Windows\System32\WINTRUST.DLL
0x00007ffd3f710000 - 0x00007ffd3f72d000 	C:\Windows\System32\imagehlp.dll
0x00007ffd3c930000 - 0x00007ffd3c948000 	C:\Windows\SYSTEM32\CRYPTSP.dll
0x00007ffd3c080000 - 0x00007ffd3c0b4000 	C:\Windows\system32\rsaenh.dll
0x00007ffd3cfd0000 - 0x00007ffd3cff7000 	C:\Windows\System32\bcrypt.dll
0x00007ffced9a0000 - 0x00007ffcef3bc000 	C:\Windows\System32\DriverStore\FileRepository\nvgbdi.inf_amd64_bbb376926fd0f7ba\nvd3dumx.dll
0x00007ffd10800000 - 0x00007ffd10ab9000 	C:\Windows\system32\nvspcap64.dll
0x00007ffd3bcb0000 - 0x00007ffd3bce3000 	C:\Windows\SYSTEM32\ntmarta.dll
0x00007ffd3b890000 - 0x00007ffd3b8b3000 	C:\Windows\SYSTEM32\gpapi.dll
0x00007ffd29ce0000 - 0x00007ffd29d1b000 	C:\Windows\SYSTEM32\dxcore.dll
0x00007ffd3d0b0000 - 0x00007ffd3d0fe000 	C:\Windows\System32\cfgmgr32.dll
0x00007ffd2b3f0000 - 0x00007ffd2b475000 	C:\Users\andy\.jdks\openjdk-15.0.1\bin\freetype.dll
0x00007ffd2b340000 - 0x00007ffd2b3e9000 	C:\Users\andy\.jdks\openjdk-15.0.1\bin\fontmanager.dll
0x00007ffd2b6d0000 - 0x00007ffd2b94f000 	C:\Windows\SYSTEM32\dwrite.dll
0x00007ffd2e5e0000 - 0x00007ffd2e6dc000 	C:\Windows\SYSTEM32\textinputframework.dll
0x00007ffd3a630000 - 0x00007ffd3a722000 	C:\Windows\System32\CoreMessaging.dll
0x00007ffd3a2d0000 - 0x00007ffd3a62e000 	C:\Windows\System32\CoreUIComponents.dll
0x00007ffd39bf0000 - 0x00007ffd39d46000 	C:\Windows\SYSTEM32\wintypes.dll
0x00007ffd35f00000 - 0x00007ffd35f07000 	C:\Users\andy\.jdks\openjdk-15.0.1\bin\jawt.dll
0x00007ffd3e6b0000 - 0x00007ffd3e759000 	C:\Windows\System32\clbcatq.dll
0x00007ffd37280000 - 0x00007ffd3737a000 	C:\Windows\System32\AppXDeploymentClient.dll
0x00007ffcc85c0000 - 0x00007ffccaf5d000 	C:\Windows\System32\DriverStore\FileRepository\nvgbdi.inf_amd64_bbb376926fd0f7ba\nvoglv64.dll
0x00007ffd3da50000 - 0x00007ffd3deb7000 	C:\Windows\System32\SETUPAPI.dll
0x00007ffd37f50000 - 0x00007ffd37f64000 	C:\Windows\SYSTEM32\WTSAPI32.dll
0x00007ffd3cd20000 - 0x00007ffd3cd4c000 	C:\Windows\System32\DEVOBJ.dll
0x00007ffd3c520000 - 0x00007ffd3c56b000 	C:\Windows\SYSTEM32\powrprof.dll
0x00007ffd3c3e0000 - 0x00007ffd3c3f2000 	C:\Windows\SYSTEM32\UMPDC.dll
0x00007ffd3bd60000 - 0x00007ffd3bdba000 	C:\Windows\SYSTEM32\WINSTA.dll

dbghelp: loaded successfully - version: 4.0.5 - missing functions: none
symbol engine: initialized successfully - sym options: 0x614 - pdb path: .;C:\Users\andy\.jdks\openjdk-15.0.1\bin;C:\Windows\SYSTEM32;C:\Windows\WinSxS\amd64_microsoft.windows.common-controls_6595b64144ccf1df_6.0.19041.488_none_ca04af081b815d21;C:\Users\andy\.jdks\openjdk-15.0.1\bin\server;C:\Program Files\JetBrains\IntelliJ IDEA Community Edition 2020.2.3\bin;C:\Users\andy\.skiko\08cdc36e153f43a2f006d3680687bd29bf1281609389e73b3c4671d81507e321;C:\Windows\System32\DriverStore\FileRepository\nvgbdi.inf_amd64_bbb376926fd0f7ba

VM Arguments:
jvm_args: -javaagent:C:\Program Files\JetBrains\IntelliJ IDEA Community Edition 2020.2.3\lib\idea_rt.jar=52606:C:\Program Files\JetBrains\IntelliJ IDEA Community Edition 2020.2.3\bin -Dfile.encoding=UTF-8 
java_command: com.github.yandroidua.ui.AppKt
java_class_path (initial): D:\KPI\4year\Nerwork\YanNetwork\network-ui\build\classes\kotlin\main;D:\KPI\4year\Nerwork\YanNetwork\network-ui\build\resources\main;C:\Users\andy\.gradle\caches\modules-2\files-2.1\org.jetbrains.kotlin\kotlin-stdlib\1.4.0\63e75298e93d4ae0b299bb869cf0c627196f8843\kotlin-stdlib-1.4.0.jar;C:\Users\andy\.gradle\caches\modules-2\files-2.1\org.jetbrains.kotlin\kotlin-stdlib-common\1.4.0\1c752cce0ead8d504ccc88a4fed6471fd83ab0dd\kotlin-stdlib-common-1.4.0.jar;C:\Users\andy\.gradle\caches\modules-2\files-2.1\org.jetbrains\annotations\13.0\919f0dfe192fb4e063e7dacadee7f8bb9a2672a9\annotations-13.0.jar;C:\Users\andy\.gradle\caches\modules-2\files-2.1\org.jetbrains.compose.desktop\desktop-jvm\0.1.0-m1-build62\9364c1ac7ca2c2a9fece21412f25bd6214bf3570\desktop-jvm-0.1.0-m1-build62.jar;C:\Users\andy\.gradle\caches\modules-2\files-2.1\org.jetbrains.compose.material\material-desktop\0.1.0-m1-build62\3293d7543eb1486d46881ff47f4787ae91048a35\material-desktop-0.1.0-m1-build62.jar;C:\Users\andy\.gradle\caches\modules-2\files-2.1\org.jetbrains.compose.foundation\foundation-desktop\0.1.0-m1-build62\be6fef886d479f34b6905c1f388d3ce57cf2cc94\foundation-desktop-0.1.0-m1-build62.jar;C:\Users\andy\.gradle\caches\modules-2\files-2.1\org.jetbrains.compose.ui\ui-desktop\0.1.0-m1-build62\6a6494b4242ab3f32c05e41a3c491641eb1f0d8d\ui-desktop-0.1.0-m1-build62.jar;C:\Users\andy\.gradle\caches\modules-2\files-2.1\org.jetbrains.compose.runtime\runtime-desktop\0.1.0-m1-build62\2ebc8a661b24edb557cc0809f4c8a7db152164bd\runtime-desktop-0.1.0-m1-build62.jar;C:\Users\andy\.gradle\caches\modules-2\files-2.1\org.jetbrains.kotlinx\kotlinx-coroutines-swing\1.3.9\17ccf1438aa4c75a9bd1bda0940be8a902f6fa28\kotlinx-coroutines-swing-1.3.9.jar;C:\Users\andy\.gradle\caches\modules-2\files-2.1\org.jetbrains.compose.foundation\foundation-text-desktop\0.1.0-m1-build62\58bc4563701017ecce058905fe802867388226e8\foundation-text-desktop-0.1.0-m1-build62.jar;C:\Users\andy\.gradle\caches\modules-2\files-2
Launcher Type: SUN_STANDARD

[Global flags]
     intx CICompilerCount                          = 4                                         {product} {ergonomic}
     uint ConcGCThreads                            = 2                                         {product} {ergonomic}
     uint G1ConcRefinementThreads                  = 8                                         {product} {ergonomic}
   size_t G1HeapRegionSize                         = 4194304                                   {product} {ergonomic}
    uintx GCDrainStackTargetSize                   = 64                                        {product} {ergonomic}
   size_t InitialHeapSize                          = 536870912                                 {product} {ergonomic}
   size_t MarkStackSize                            = 4194304                                   {product} {ergonomic}
   size_t MaxHeapSize                              = 8568963072                                {product} {ergonomic}
   size_t MaxNewSize                               = 5138022400                                {product} {ergonomic}
   size_t MinHeapDeltaBytes                        = 4194304                                   {product} {ergonomic}
   size_t MinHeapSize                              = 8388608                                   {product} {ergonomic}
    uintx NonNMethodCodeHeapSize                   = 5839372                                {pd product} {ergonomic}
    uintx NonProfiledCodeHeapSize                  = 122909434                              {pd product} {ergonomic}
    uintx ProfiledCodeHeapSize                     = 122909434                              {pd product} {ergonomic}
    uintx ReservedCodeCacheSize                    = 251658240                              {pd product} {ergonomic}
     bool SegmentedCodeCache                       = true                                      {product} {ergonomic}
   size_t SoftMaxHeapSize                          = 8568963072                             {manageable} {ergonomic}
     bool UseCompressedClassPointers               = true                                 {lp64_product} {ergonomic}
     bool UseCompressedOops                        = true                                 {lp64_product} {ergonomic}
     bool UseG1GC                                  = true                                      {product} {ergonomic}
     bool UseLargePagesIndividualAllocation        = false                                  {pd product} {ergonomic}

Logging:
Log output configuration:
 #0: stdout all=warning uptime,level,tags
 #1: stderr all=off uptime,level,tags

Environment Variables:
JAVA_HOME=C:\Users\andy\.jdks\openjdk-15.0.1
PATH=C:\Program Files (x86)\VMware\VMware Workstation\bin\;C:\Program Files (x86)\Common Files\Oracle\Java\javapath;C:\Windows\system32;C:\Windows;C:\Windows\System32\Wbem;C:\Windows\System32\WindowsPowerShell\v1.0\;C:\Windows\System32\OpenSSH\;C:\Program Files\Java\jre1.8.0_271\bin;C:\Program Files (x86)\NVIDIA Corporation\PhysX\Common;C:\Program Files\NVIDIA Corporation\NVIDIA NvDLISR;C:\ProgramData\chocolatey\bin;C:\Program Files\Git\cmd;C:\Users\andy\.jdks\openjdk-15.0.1;C:\Users\andy\AppData\Local\Microsoft\WindowsApps;;C:\Program Files\JetBrains\IntelliJ IDEA Community Edition 2020.2.3\bin;
USERNAME=andy
OS=Windows_NT
PROCESSOR_IDENTIFIER=Intel64 Family 6 Model 158 Stepping 13, GenuineIntel



---------------  S Y S T E M  ---------------

OS:
 Windows 10 , 64 bit Build 19041 (10.0.19041.546)
OS uptime: 4 days 3:42 hours

CPU: total 8 (initial active 8) (8 cores per cpu, 1 threads per core) family 6 model 158 stepping 13 microcode 0xb8, cmov, cx8, fxsr, mmx, sse, sse2, sse3, ssse3, sse4.1, sse4.2, popcnt, vzeroupper, avx, avx2, aes, clmul, erms, rtm, 3dnowpref, lzcnt, tsc, tscinvbit, bmi1, bmi2, adx, fma, clflush, clflushopt

Memory: 4k page, system-wide physical 32679M (21840M free)
TotalPageFile size 37543M (AvailPageFile size 23016M)
current process WorkingSet (physical memory assigned to process): 165M, peak: 167M
current process commit charge ("private bytes"): 728M, peak: 730M

vm_info: OpenJDK 64-Bit Server VM (15.0.1+9-18) for windows-amd64 JRE (15.0.1+9-18), built on Sep 15 2020 14:39:31 by "mach5one" with unknown MS VC++:1925

END.
