#
# A fatal error has been detected by the Java Runtime Environment:
#
#  EXCEPTION_ACCESS_VIOLATION (0xc0000005) at pc=0x0000000000000000, pid=15612, tid=696
#
# JRE version: OpenJDK Runtime Environment (15.0.1+9) (build 15.0.1+9-18)
# Java VM: OpenJDK 64-Bit Server VM (15.0.1+9-18, mixed mode, sharing, tiered, compressed oops, g1 gc, windows-amd64)
# Problematic frame:
# C  0x0000000000000000
#
# No core dump will be written. Minidumps are not enabled by default on client versions of Windows
#
# If you would like to submit a bug report, please visit:
#   https://bugreport.java.com/bugreport/crash.jsp
# The crash happened outside the Java Virtual Machine in native code.
# See problematic frame for where to report the bug.
#

---------------  S U M M A R Y ------------

Command Line: -javaagent:C:\Users\andy\.gradle\caches\modules-2\files-2.1\org.jetbrains.kotlinx\kotlinx-coroutines-core-jvm\1.4.2\4b9c6b2de7cabfb2c9ad7a5c709b1ddb7bbfd2ad\kotlinx-coroutines-core-jvm-1.4.2.jar -Dfile.encoding=windows-1252 -Duser.country=US -Duser.language=en -Duser.variant -ea com.github.yandroidua.ui.AppKt

Host: Intel(R) Core(TM) i7-9700K CPU @ 3.60GHz, 8 cores, 31G,  Windows 10 , 64 bit Build 19041 (10.0.19041.546)
Time: Sat Dec  5 15:59:29 2020 FLE Standard Time elapsed time: 163.097373 seconds (0d 0h 2m 43s)

---------------  T H R E A D  ---------------

Current thread (0x0000022dd57b5800):  JavaThread "AWT-EventQueue-0 @coroutine#2" [_thread_in_native, id=696, stack(0x000000cb5a600000,0x000000cb5a700000)]

Stack: [0x000000cb5a600000,0x000000cb5a700000],  sp=0x000000cb5a6fcf38,  free space=1011k
Native frames: (J=compiled Java code, j=interpreted, Vv=VM code, C=native code)

Java frames: (J=compiled Java code, j=interpreted, Vv=VM code)
J 2894  org.jetbrains.skija.Canvas._nDrawImageIRect(JJIIIIFFFFJZ)V (0 bytes) @ 0x0000022db75eafbb [0x0000022db75eaf20+0x000000000000009b]
J 3684 c2 androidx.compose.ui.graphics.DesktopImageAssetKt.toBitmap(Lorg/jetbrains/skija/Image;)Lorg/jetbrains/skija/Bitmap; (51 bytes) @ 0x0000022db76c35ac [0x0000022db76c2d00+0x00000000000008ac]
J 3688 c2 com.github.yandroidua.ui.elements.base.ImageControlElement.onDraw(Landroidx/compose/ui/graphics/drawscope/DrawScope;)V (68 bytes) @ 0x0000022db76c8e8c [0x0000022db76c8a20+0x000000000000046c]
J 3704 c2 com.github.yandroidua.ui.elements.ElementCommunicationNode.onDraw(Landroidx/compose/ui/graphics/drawscope/DrawScope;)V (88 bytes) @ 0x0000022db76d30e4 [0x0000022db76d30a0+0x0000000000000044]
J 3360 c1 com.github.yandroidua.ui.screens.drawer.DrawerScreenKt$DrawArea$3$1.invoke(Landroidx/compose/ui/graphics/drawscope/DrawScope;)V (72 bytes) @ 0x0000022db058dc64 [0x0000022db058ccc0+0x0000000000000fa4]
J 3830 c1 com.github.yandroidua.ui.screens.drawer.DrawerScreenKt$DrawArea$3$1.invoke(Ljava/lang/Object;)Ljava/lang/Object; (12 bytes) @ 0x0000022db0664bc4 [0x0000022db0664a40+0x0000000000000184]
J 3753 c1 androidx.compose.ui.draw.DrawBackgroundModifier.draw(Landroidx/compose/ui/ContentDrawScope;)V (24 bytes) @ 0x0000022db063bfdc [0x0000022db063bc40+0x000000000000039c]
J 3807 c2 androidx.compose.ui.node.ModifiedDrawNode.performDraw(Landroidx/compose/ui/graphics/Canvas;)V (336 bytes) @ 0x0000022db76ec484 [0x0000022db76ec0e0+0x00000000000003a4]
J 3123 c2 androidx.compose.ui.node.LayoutNodeWrapper.draw(Landroidx/compose/ui/graphics/Canvas;)V (71 bytes) @ 0x0000022db7640984 [0x0000022db7640820+0x0000000000000164]
J 3351 c2 androidx.compose.ui.node.DelegatingLayoutNodeWrapper.performDraw(Landroidx/compose/ui/graphics/Canvas;)V (15 bytes) @ 0x0000022db7676ce4 [0x0000022db7676ca0+0x0000000000000044]
J 3123 c2 androidx.compose.ui.node.LayoutNodeWrapper.draw(Landroidx/compose/ui/graphics/Canvas;)V (71 bytes) @ 0x0000022db7640984 [0x0000022db7640820+0x0000000000000164]
J 3351 c2 androidx.compose.ui.node.DelegatingLayoutNodeWrapper.performDraw(Landroidx/compose/ui/graphics/Canvas;)V (15 bytes) @ 0x0000022db7676ce4 [0x0000022db7676ca0+0x0000000000000044]
J 3123 c2 androidx.compose.ui.node.LayoutNodeWrapper.draw(Landroidx/compose/ui/graphics/Canvas;)V (71 bytes) @ 0x0000022db7640984 [0x0000022db7640820+0x0000000000000164]
J 3798 c2 androidx.compose.ui.node.LayoutNodeDrawScope.drawContent()V (44 bytes) @ 0x0000022db76eb29c [0x0000022db76eb220+0x000000000000007c]
J 3135 c1 androidx.compose.foundation.Background.draw(Landroidx/compose/ui/ContentDrawScope;)V (36 bytes) @ 0x0000022db04f0894 [0x0000022db04f0460+0x0000000000000434]
J 3807 c2 androidx.compose.ui.node.ModifiedDrawNode.performDraw(Landroidx/compose/ui/graphics/Canvas;)V (336 bytes) @ 0x0000022db76ec484 [0x0000022db76ec0e0+0x00000000000003a4]
J 3123 c2 androidx.compose.ui.node.LayoutNodeWrapper.draw(Landroidx/compose/ui/graphics/Canvas;)V (71 bytes) @ 0x0000022db7640984 [0x0000022db7640820+0x0000000000000164]
J 3610 c2 androidx.compose.ui.node.ModifiedLayoutNode.performDraw(Landroidx/compose/ui/graphics/Canvas;)V (41 bytes) @ 0x0000022db76b06f4 [0x0000022db76b06a0+0x0000000000000054]
J 3123 c2 androidx.compose.ui.node.LayoutNodeWrapper.draw(Landroidx/compose/ui/graphics/Canvas;)V (71 bytes) @ 0x0000022db7640984 [0x0000022db7640820+0x0000000000000164]
J 3351 c2 androidx.compose.ui.node.DelegatingLayoutNodeWrapper.performDraw(Landroidx/compose/ui/graphics/Canvas;)V (15 bytes) @ 0x0000022db7676ce4 [0x0000022db7676ca0+0x0000000000000044]
J 3123 c2 androidx.compose.ui.node.LayoutNodeWrapper.draw(Landroidx/compose/ui/graphics/Canvas;)V (71 bytes) @ 0x0000022db7640984 [0x0000022db7640820+0x0000000000000164]
J 3896 c2 androidx.compose.ui.node.InnerPlaceable.performDraw(Landroidx/compose/ui/graphics/Canvas;)V (208 bytes) @ 0x0000022db76f8bec [0x0000022db76f8ac0+0x000000000000012c]
J 3123 c2 androidx.compose.ui.node.LayoutNodeWrapper.draw(Landroidx/compose/ui/graphics/Canvas;)V (71 bytes) @ 0x0000022db7640984 [0x0000022db7640820+0x0000000000000164]
J 3351 c2 androidx.compose.ui.node.DelegatingLayoutNodeWrapper.performDraw(Landroidx/compose/ui/graphics/Canvas;)V (15 bytes) @ 0x0000022db7676ce4 [0x0000022db7676ca0+0x0000000000000044]
J 3123 c2 androidx.compose.ui.node.LayoutNodeWrapper.draw(Landroidx/compose/ui/graphics/Canvas;)V (71 bytes) @ 0x0000022db7640984 [0x0000022db7640820+0x0000000000000164]
J 3896 c2 androidx.compose.ui.node.InnerPlaceable.performDraw(Landroidx/compose/ui/graphics/Canvas;)V (208 bytes) @ 0x0000022db76f8bec [0x0000022db76f8ac0+0x000000000000012c]
J 3123 c2 androidx.compose.ui.node.LayoutNodeWrapper.draw(Landroidx/compose/ui/graphics/Canvas;)V (71 bytes) @ 0x0000022db7640984 [0x0000022db7640820+0x0000000000000164]
J 3896 c2 androidx.compose.ui.node.InnerPlaceable.performDraw(Landroidx/compose/ui/graphics/Canvas;)V (208 bytes) @ 0x0000022db76f8bec [0x0000022db76f8ac0+0x000000000000012c]
J 3123 c2 androidx.compose.ui.node.LayoutNodeWrapper.draw(Landroidx/compose/ui/graphics/Canvas;)V (71 bytes) @ 0x0000022db7640984 [0x0000022db7640820+0x0000000000000164]
J 3610 c2 androidx.compose.ui.node.ModifiedLayoutNode.performDraw(Landroidx/compose/ui/graphics/Canvas;)V (41 bytes) @ 0x0000022db76b06f4 [0x0000022db76b06a0+0x0000000000000054]
J 3123 c2 androidx.compose.ui.node.LayoutNodeWrapper.draw(Landroidx/compose/ui/graphics/Canvas;)V (71 bytes) @ 0x0000022db7640984 [0x0000022db7640820+0x0000000000000164]
J 3896 c2 androidx.compose.ui.node.InnerPlaceable.performDraw(Landroidx/compose/ui/graphics/Canvas;)V (208 bytes) @ 0x0000022db76f8bec [0x0000022db76f8ac0+0x000000000000012c]
J 3123 c2 androidx.compose.ui.node.LayoutNodeWrapper.draw(Landroidx/compose/ui/graphics/Canvas;)V (71 bytes) @ 0x0000022db7640984 [0x0000022db7640820+0x0000000000000164]
J 3351 c2 androidx.compose.ui.node.DelegatingLayoutNodeWrapper.performDraw(Landroidx/compose/ui/graphics/Canvas;)V (15 bytes) @ 0x0000022db7676ce4 [0x0000022db7676ca0+0x0000000000000044]
J 3123 c2 androidx.compose.ui.node.LayoutNodeWrapper.draw(Landroidx/compose/ui/graphics/Canvas;)V (71 bytes) @ 0x0000022db7640984 [0x0000022db7640820+0x0000000000000164]
J 3351 c2 androidx.compose.ui.node.DelegatingLayoutNodeWrapper.performDraw(Landroidx/compose/ui/graphics/Canvas;)V (15 bytes) @ 0x0000022db7676ce4 [0x0000022db7676ca0+0x0000000000000044]
J 3539 c1 androidx.compose.ui.node.LayoutNodeWrapper$invoke$2.invoke()Ljava/lang/Object; (8 bytes) @ 0x0000022db05cd91c [0x0000022db05cd7c0+0x000000000000015c]
J 3670 c1 androidx.compose.runtime.snapshots.Snapshot$Companion.observe(Lkotlin/jvm/functions/Function1;Lkotlin/jvm/functions/Function1;Lkotlin/jvm/functions/Function0;)Ljava/lang/Object; (164 bytes) @ 0x0000022db060a614 [0x0000022db06097a0+0x0000000000000e74]
J 2674 c1 androidx.compose.runtime.snapshots.SnapshotStateObserver.observeReads(Ljava/lang/Object;Lkotlin/jvm/functions/Function1;Lkotlin/jvm/functions/Function0;)V (169 bytes) @ 0x0000022db0406edc [0x0000022db04064e0+0x00000000000009fc]
J 3300 c1 androidx.compose.ui.node.LayoutNodeWrapper.invoke(Landroidx/compose/ui/graphics/Canvas;)V (150 bytes) @ 0x0000022db05678cc [0x0000022db0567140+0x000000000000078c]
J 3299 c1 androidx.compose.ui.node.LayoutNodeWrapper.invoke(Ljava/lang/Object;)Ljava/lang/Object; (12 bytes) @ 0x0000022db0566c4c [0x0000022db0566a40+0x000000000000020c]
J 3581 c1 androidx.compose.ui.platform.SkijaLayer.performDrawLayer(Landroidx/compose/ui/graphics/DesktopCanvas;Landroidx/compose/ui/geometry/Rect;)V (191 bytes) @ 0x0000022db05e9ad4 [0x0000022db05e87c0+0x0000000000001314]
J 3123 c2 androidx.compose.ui.node.LayoutNodeWrapper.draw(Landroidx/compose/ui/graphics/Canvas;)V (71 bytes) @ 0x0000022db7640e34 [0x0000022db7640820+0x0000000000000614]
J 3896 c2 androidx.compose.ui.node.InnerPlaceable.performDraw(Landroidx/compose/ui/graphics/Canvas;)V (208 bytes) @ 0x0000022db76f8bec [0x0000022db76f8ac0+0x000000000000012c]
J 3123 c2 androidx.compose.ui.node.LayoutNodeWrapper.draw(Landroidx/compose/ui/graphics/Canvas;)V (71 bytes) @ 0x0000022db7640984 [0x0000022db7640820+0x0000000000000164]
J 3351 c2 androidx.compose.ui.node.DelegatingLayoutNodeWrapper.performDraw(Landroidx/compose/ui/graphics/Canvas;)V (15 bytes) @ 0x0000022db7676ce4 [0x0000022db7676ca0+0x0000000000000044]
J 3123 c2 androidx.compose.ui.node.LayoutNodeWrapper.draw(Landroidx/compose/ui/graphics/Canvas;)V (71 bytes) @ 0x0000022db7640984 [0x0000022db7640820+0x0000000000000164]
J 3351 c2 androidx.compose.ui.node.DelegatingLayoutNodeWrapper.performDraw(Landroidx/compose/ui/graphics/Canvas;)V (15 bytes) @ 0x0000022db7676ce4 [0x0000022db7676ca0+0x0000000000000044]
J 3123 c2 androidx.compose.ui.node.LayoutNodeWrapper.draw(Landroidx/compose/ui/graphics/Canvas;)V (71 bytes) @ 0x0000022db7640984 [0x0000022db7640820+0x0000000000000164]
J 3351 c2 androidx.compose.ui.node.DelegatingLayoutNodeWrapper.performDraw(Landroidx/compose/ui/graphics/Canvas;)V (15 bytes) @ 0x0000022db7676ce4 [0x0000022db7676ca0+0x0000000000000044]
J 3123 c2 androidx.compose.ui.node.LayoutNodeWrapper.draw(Landroidx/compose/ui/graphics/Canvas;)V (71 bytes) @ 0x0000022db7640984 [0x0000022db7640820+0x0000000000000164]
J 3351 c2 androidx.compose.ui.node.DelegatingLayoutNodeWrapper.performDraw(Landroidx/compose/ui/graphics/Canvas;)V (15 bytes) @ 0x0000022db7676ce4 [0x0000022db7676ca0+0x0000000000000044]
J 3123 c2 androidx.compose.ui.node.LayoutNodeWrapper.draw(Landroidx/compose/ui/graphics/Canvas;)V (71 bytes) @ 0x0000022db7640984 [0x0000022db7640820+0x0000000000000164]
J 3327 c1 androidx.compose.ui.platform.DesktopOwners.onFrame(Lorg/jetbrains/skija/Canvas;IIJLkotlin/coroutines/Continuation;)Ljava/lang/Object; (334 bytes) @ 0x0000022db057b43c [0x0000022db0579580+0x0000000000001ebc]
J 3738 c1 androidx.compose.ui.platform.DesktopOwners$onFrame$1.invokeSuspend(Ljava/lang/Object;)Ljava/lang/Object; (32 bytes) @ 0x0000022db063831c [0x0000022db0638240+0x00000000000000dc]
J 2380 c2 kotlin.coroutines.jvm.internal.BaseContinuationImpl.resumeWith(Ljava/lang/Object;)V (142 bytes) @ 0x0000022db75b7760 [0x0000022db75b76e0+0x0000000000000080]
J 2708 c2 kotlinx.coroutines.DispatchedTask.run()V (617 bytes) @ 0x0000022db75d9ec8 [0x0000022db75d9ac0+0x0000000000000408]
J 3189 c2 java.awt.EventQueue.dispatchEvent(Ljava/awt/AWTEvent;)V java.desktop@15.0.1 (80 bytes) @ 0x0000022db764f92c [0x0000022db764f5e0+0x000000000000034c]
J 3513% c2 java.awt.EventDispatchThread.pumpEventsForFilter(ILjava/awt/Conditional;Ljava/awt/EventFilter;)V java.desktop@15.0.1 (47 bytes) @ 0x0000022db76a68c4 [0x0000022db76a66a0+0x0000000000000224]
j  java.awt.EventDispatchThread.pumpEventsForHierarchy(ILjava/awt/Conditional;Ljava/awt/Component;)V+11 java.desktop@15.0.1
j  java.awt.EventDispatchThread.pumpEvents(ILjava/awt/Conditional;)V+4 java.desktop@15.0.1
j  java.awt.EventDispatchThread.pumpEvents(Ljava/awt/Conditional;)V+3 java.desktop@15.0.1
j  java.awt.EventDispatchThread.run()V+9 java.desktop@15.0.1
v  ~StubRoutines::call_stub

siginfo: EXCEPTION_ACCESS_VIOLATION (0xc0000005), data execution prevention violation at address 0x0000000000000000


Register to memory mapping:

RIP=0x0 is NULL
RAX=0x00007ff86d4fa6a8 skiko.dll
RBX=0x00000000ffffffff is an unknown value
RCX=0x0000022d80e1b700 points into unknown readable memory: 0x00007ff86d4fa6a8 | a8 a6 4f 6d f8 7f 00 00
RDX=0x0 is NULL
RSP=0x000000cb5a6fcf38 is pointing into the stack for thread: 0x0000022dd57b5800
RBP=0x000000cb5a6fcfb9 is pointing into the stack for thread: 0x0000022dd57b5800
RSI=0x0000000000000001 is an unknown value
RDI=0x0 is NULL
R8 =0x0 is NULL
R9 =0x0 is NULL
R10=0x0000022de7651fe0 points into unknown readable memory: 0x00007ff86d500120 | 20 01 50 6d f8 7f 00 00
R11=0x2000000100008000 is an unknown value
R12=0x0000022d80e1b700 points into unknown readable memory: 0x00007ff86d4fa6a8 | a8 a6 4f 6d f8 7f 00 00
R13=0x000000cb5a6fd070 is pointing into the stack for thread: 0x0000022dd57b5800
R14=0x0000022dfa6a1cd0 points into unknown readable memory: 0x0000000000000001 | 01 00 00 00 00 00 00 00
R15=0x0000000000000001 is an unknown value


Registers:
RAX=0x00007ff86d4fa6a8, RBX=0x00000000ffffffff, RCX=0x0000022d80e1b700, RDX=0x0000000000000000
RSP=0x000000cb5a6fcf38, RBP=0x000000cb5a6fcfb9, RSI=0x0000000000000001, RDI=0x0000000000000000
R8 =0x0000000000000000, R9 =0x0000000000000000, R10=0x0000022de7651fe0, R11=0x2000000100008000
R12=0x0000022d80e1b700, R13=0x000000cb5a6fd070, R14=0x0000022dfa6a1cd0, R15=0x0000000000000001
RIP=0x0000000000000000, EFLAGS=0x0000000000010206

Top of Stack: (sp=0x000000cb5a6fcf38)
0x000000cb5a6fcf38:   00007ff86ccc6c28 00000000ffffffff
0x000000cb5a6fcf48:   000000cb5a6fcfb8 0000000000000001
0x000000cb5a6fcf58:   0000000000000000 0000000000000000
0x000000cb5a6fcf68:   0000000000000000 0000000000000000
0x000000cb5a6fcf78:   0000022dfa159140 0000000000000080
0x000000cb5a6fcf88:   0000022ddb0548a0 0000000200000006
0x000000cb5a6fcf98:   0000002000000020 00000000000263e6
0x000000cb5a6fcfa8:   0000002000000000 0000000000000020
0x000000cb5a6fcfb8:   00000000000263e6 0000002000000000
0x000000cb5a6fcfc8:   000f424000000020 0000c066f059eada
0x000000cb5a6fcfd8:   00000000007a1200 0000022d8e46cfe0
0x000000cb5a6fcfe8:   000000cb5a6fd270 00000000c4214173
0x000000cb5a6fcff8:   0000000000000000 000000cb5a6fd420
0x000000cb5a6fd008:   000000cb5a6fd480 000000cb5a6fd120
0x000000cb5a6fd018:   00007ff86cc9fdb9 0000000000000000
0x000000cb5a6fd028:   0000022d80e1b700 0000000000000000 

Instructions: (pc=0x0000000000000000)
0xffffffffffffff00:   


Stack slot to memory mapping:
stack at sp + 0 slots: 0x00007ff86ccc6c28 skiko.dll
stack at sp + 1 slots: 0x00000000ffffffff is an unknown value
stack at sp + 2 slots: 0x000000cb5a6fcfb8 is pointing into the stack for thread: 0x0000022dd57b5800
stack at sp + 3 slots: 0x0000000000000001 is an unknown value
stack at sp + 4 slots: 0x0 is NULL
stack at sp + 5 slots: 0x0 is NULL
stack at sp + 6 slots: 0x0 is NULL
stack at sp + 7 slots: 0x0 is NULL


---------------  P R O C E S S  ---------------

Threads class SMR info:
_java_thread_list=0x0000022de1740cc0, length=19, elements={
0x0000022dd46753f0, 0x0000022dd4675fd0, 0x0000022dd4695760, 0x0000022dd4698220,
0x0000022dd4699ce0, 0x0000022dd469eb80, 0x0000022dd46a0680, 0x0000022dd46a5090,
0x0000022dd502e8e0, 0x0000022dd542ee30, 0x0000022dd5437d90, 0x0000022dd57af600,
0x0000022dd57b1ae0, 0x0000022dd59a7680, 0x0000022dd57b5800, 0x0000022da77a93a0,
0x0000022dd5ac86b0, 0x0000022dd5ac99f0, 0x0000022ddb16c160
}

Java Threads: ( => current thread )
  0x0000022dd46753f0 JavaThread "Reference Handler" daemon [_thread_blocked, id=7240, stack(0x000000cb59600000,0x000000cb59700000)]
  0x0000022dd4675fd0 JavaThread "Finalizer" daemon [_thread_blocked, id=2568, stack(0x000000cb59700000,0x000000cb59800000)]
  0x0000022dd4695760 JavaThread "Signal Dispatcher" daemon [_thread_blocked, id=8724, stack(0x000000cb59800000,0x000000cb59900000)]
  0x0000022dd4698220 JavaThread "Attach Listener" daemon [_thread_blocked, id=2004, stack(0x000000cb59900000,0x000000cb59a00000)]
  0x0000022dd4699ce0 JavaThread "Service Thread" daemon [_thread_blocked, id=2628, stack(0x000000cb59a00000,0x000000cb59b00000)]
  0x0000022dd469eb80 JavaThread "C2 CompilerThread0" daemon [_thread_blocked, id=14384, stack(0x000000cb59b00000,0x000000cb59c00000)]
  0x0000022dd46a0680 JavaThread "C1 CompilerThread0" daemon [_thread_blocked, id=14056, stack(0x000000cb59c00000,0x000000cb59d00000)]
  0x0000022dd46a5090 JavaThread "Sweeper thread" daemon [_thread_blocked, id=17588, stack(0x000000cb59d00000,0x000000cb59e00000)]
  0x0000022dd502e8e0 JavaThread "Common-Cleaner" daemon [_thread_blocked, id=2236, stack(0x000000cb59e00000,0x000000cb59f00000)]
  0x0000022dd542ee30 JavaThread "Coroutines Debugger Cleaner" daemon [_thread_blocked, id=9664, stack(0x000000cb5a000000,0x000000cb5a100000)]
  0x0000022dd5437d90 JavaThread "Notification Thread" daemon [_thread_blocked, id=5480, stack(0x000000cb5a100000,0x000000cb5a200000)]
  0x0000022dd57af600 JavaThread "Java2D Disposer" daemon [_thread_blocked, id=16336, stack(0x000000cb5a300000,0x000000cb5a400000)]
  0x0000022dd57b1ae0 JavaThread "AWT-Shutdown" [_thread_blocked, id=2856, stack(0x000000cb5a400000,0x000000cb5a500000)]
  0x0000022dd59a7680 JavaThread "AWT-Windows" daemon [_thread_in_native, id=1212, stack(0x000000cb5a500000,0x000000cb5a600000)]
=>0x0000022dd57b5800 JavaThread "AWT-EventQueue-0 @coroutine#2" [_thread_in_native, id=696, stack(0x000000cb5a600000,0x000000cb5a700000)]
  0x0000022da77a93a0 JavaThread "DestroyJavaVM" [_thread_blocked, id=15528, stack(0x000000cb58f00000,0x000000cb59000000)]
  0x0000022dd5ac86b0 JavaThread "Cleaner-0" daemon [_thread_blocked, id=11596, stack(0x000000cb59f00000,0x000000cb5a000000)]
  0x0000022dd5ac99f0 JavaThread "D3D Screen Updater" daemon [_thread_blocked, id=15180, stack(0x000000cb5b200000,0x000000cb5b300000)]
  0x0000022ddb16c160 JavaThread "TimerQueue" daemon [_thread_blocked, id=14032, stack(0x000000cb5b720000,0x000000cb5b820000)]

Other Threads:
  0x0000022dd46735b0 VMThread "VM Thread" [stack: 0x000000cb59500000,0x000000cb59600000] [id=14312]
  0x0000022da77aa550 WatcherThread [stack: 0x000000cb5a200000,0x000000cb5a300000] [id=1852]
  0x0000022da78223d0 GCTaskThread "GC Thread#0" [stack: 0x000000cb59000000,0x000000cb59100000] [id=8812]
  0x0000022dd56dbe90 GCTaskThread "GC Thread#1" [stack: 0x000000cb5a900000,0x000000cb5aa00000] [id=3720]
  0x0000022dd56da1e0 GCTaskThread "GC Thread#2" [stack: 0x000000cb5aa00000,0x000000cb5ab00000] [id=6848]
  0x0000022dd56dd4e0 GCTaskThread "GC Thread#3" [stack: 0x000000cb5ab00000,0x000000cb5ac00000] [id=18492]
  0x0000022dd56db1d0 GCTaskThread "GC Thread#4" [stack: 0x000000cb5ac00000,0x000000cb5ad00000] [id=3672]
  0x0000022dd56da840 GCTaskThread "GC Thread#5" [stack: 0x000000cb5ad00000,0x000000cb5ae00000] [id=8000]
  0x0000022dd56dc1c0 GCTaskThread "GC Thread#6" [stack: 0x000000cb5ae00000,0x000000cb5af00000] [id=19076]
  0x0000022dd56dbb60 GCTaskThread "GC Thread#7" [stack: 0x000000cb5af00000,0x000000cb5b000000] [id=5924]
  0x0000022da7833470 ConcurrentGCThread "G1 Main Marker" [stack: 0x000000cb59100000,0x000000cb59200000] [id=16392]
  0x0000022da7834060 ConcurrentGCThread "G1 Conc#0" [stack: 0x000000cb59200000,0x000000cb59300000] [id=11556]
  0x0000022de12ea7e0 ConcurrentGCThread "G1 Conc#1" [stack: 0x000000cb58c00000,0x000000cb58d00000] [id=18256]
  0x0000022da787eab0 ConcurrentGCThread "G1 Refine#0" [stack: 0x000000cb59300000,0x000000cb59400000] [id=9848]
  0x0000022dd456e8e0 ConcurrentGCThread "G1 Young RemSet Sampling" [stack: 0x000000cb59400000,0x000000cb59500000] [id=6472]

Threads with active compile tasks:

VM state: not at safepoint (normal execution)

VM Mutex/Monitor currently owned by a thread: None

Heap address: 0x0000000601400000, size: 8172 MB, Compressed Oops mode: Zero based, Oop shift amount: 3
CDS archive(s) mapped at: [0x0000000800000000-0x0000000800b50000-0x0000000800b50000), size 11862016, SharedBaseAddress: 0x0000000800000000, ArchiveRelocationMode: 0.
Compressed class space mapped at: 0x0000000800b50000-0x0000000840b50000, size: 1073741824
Narrow klass base: 0x0000000800000000, Narrow klass shift: 3, Narrow klass range: 0x100000000

GC Precious Log:
 CPUs: 8 total, 8 available
 Memory: 32679M
 Large Page Support: Disabled
 NUMA Support: Disabled
 Compressed Oops: Enabled (Zero based)
 Heap Region Size: 4M
 Heap Min Capacity: 8M
 Heap Initial Capacity: 512M
 Heap Max Capacity: 8172M
 Pre-touch: Disabled
 Parallel Workers: 8
 Concurrent Workers: 2
 Concurrent Refinement Workers: 8
 Periodic GC: Disabled

Heap:
 garbage-first heap   total 57344K, used 7786K [0x0000000601400000, 0x0000000800000000)
  region size 4096K, 3 young (12288K), 2 survivors (8192K)
 Metaspace       used 20926K, capacity 21156K, committed 21504K, reserved 1069056K
  class space    used 2127K, capacity 2184K, committed 2304K, reserved 1048576K

Heap Regions: E=young(eden), S=young(survivor), O=old, HS=humongous(starts), HC=humongous(continues), CS=collection set, F=free, OA=open archive, CA=closed archive, TAMS=top-at-mark-start (previous, next)
|   0|0x0000000601400000, 0x0000000601762200, 0x0000000601800000| 84%| O|  |TAMS 0x0000000601762200, 0x0000000601400000| Untracked 
|   1|0x0000000601800000, 0x0000000601800000, 0x0000000601c00000|  0%| F|  |TAMS 0x0000000601800000, 0x0000000601800000| Untracked 
|   2|0x0000000601c00000, 0x0000000601c00000, 0x0000000602000000|  0%| F|  |TAMS 0x0000000601c00000, 0x0000000601c00000| Untracked 
|   3|0x0000000602000000, 0x0000000602000000, 0x0000000602400000|  0%| F|  |TAMS 0x0000000602000000, 0x0000000602000000| Untracked 
|   4|0x0000000602400000, 0x0000000602400000, 0x0000000602800000|  0%| F|  |TAMS 0x0000000602400000, 0x0000000602400000| Untracked 
|   5|0x0000000602800000, 0x0000000602800000, 0x0000000602c00000|  0%| F|  |TAMS 0x0000000602800000, 0x0000000602800000| Untracked 
|   6|0x0000000602c00000, 0x0000000602c00000, 0x0000000603000000|  0%| F|  |TAMS 0x0000000602c00000, 0x0000000602c00000| Untracked 
|   7|0x0000000603000000, 0x0000000603000000, 0x0000000603400000|  0%| F|  |TAMS 0x0000000603000000, 0x0000000603000000| Untracked 
|   8|0x0000000603400000, 0x0000000603400000, 0x0000000603800000|  0%| F|  |TAMS 0x0000000603400000, 0x0000000603400000| Untracked 
|   9|0x0000000603800000, 0x0000000603800000, 0x0000000603c00000|  0%| F|  |TAMS 0x0000000603800000, 0x0000000603800000| Untracked 
|  10|0x0000000603c00000, 0x0000000603c00000, 0x0000000604000000|  0%| F|  |TAMS 0x0000000603c00000, 0x0000000603c00000| Untracked 
| 125|0x0000000620800000, 0x00000006208389b0, 0x0000000620c00000|  5%| S|CS|TAMS 0x0000000620800000, 0x0000000620800000| Complete 
| 126|0x0000000620c00000, 0x0000000621000000, 0x0000000621000000|100%| S|CS|TAMS 0x0000000620c00000, 0x0000000620c00000| Complete 
| 127|0x0000000621000000, 0x00000006210f7938, 0x0000000621400000| 24%| E|  |TAMS 0x0000000621000000, 0x0000000621000000| Complete 

Card table byte_map: [0x0000022dbfd00000,0x0000022dc0d00000] _byte_map_base: 0x0000022dbccf6000

Marking Bits (Prev, Next): (CMBitMap*) 0x0000022da7822c00, (CMBitMap*) 0x0000022da7822bc0
 Prev Bits: [0x0000022dc9cb0000, 0x0000022dd1c60000)
 Next Bits: [0x0000022dc1d00000, 0x0000022dc9cb0000)

Polling page: 0x0000022da5640000

Metaspace:

Usage:
  Non-class:     18.53 MB capacity,    18.36 MB (>99%) used,   149.97 KB ( <1%) free+waste,    22.50 KB ( <1%) overhead. 
      Class:      2.13 MB capacity,     2.08 MB ( 97%) used,    49.20 KB (  2%) free+waste,     7.38 KB ( <1%) overhead. 
       Both:     20.66 MB capacity,    20.44 MB ( 99%) used,   199.17 KB ( <1%) free+waste,    29.88 KB ( <1%) overhead. 

Virtual space:
  Non-class space:       20.00 MB reserved,      18.75 MB ( 94%) committed 
      Class space:        1.00 GB reserved,       2.25 MB ( <1%) committed 
             Both:        1.02 GB reserved,      21.00 MB (  2%) committed 

Chunk freelists:
   Non-Class:  36.00 KB
       Class:  24.00 KB
        Both:  60.00 KB

MaxMetaspaceSize: 17179869184.00 GB
CompressedClassSpaceSize: 1.00 GB

CodeHeap 'non-profiled nmethods': size=120000Kb used=2518Kb max_used=2518Kb free=117481Kb
 bounds [0x0000022db74a0000, 0x0000022db7720000, 0x0000022dbe9d0000]
CodeHeap 'profiled nmethods': size=120000Kb used=7590Kb max_used=7590Kb free=112409Kb
 bounds [0x0000022daff70000, 0x0000022db06e0000, 0x0000022db74a0000]
CodeHeap 'non-nmethods': size=5760Kb used=1580Kb max_used=1645Kb free=4179Kb
 bounds [0x0000022daf9d0000, 0x0000022dafc40000, 0x0000022daff70000]
 total_blobs=4938 nmethods=3996 adapters=854
 compilation: enabled
              stopped_count=0, restarted_count=0
 full_count=0

Compilation events (20 events):
Event: 159.878 Thread 0x0000022dd469eb80 3988       4       java.util.HashMap::putVal (300 bytes)
Event: 159.888 Thread 0x0000022dd469eb80 nmethod 3988 0x0000022db770d790 code [0x0000022db770d9a0, 0x0000022db770e480]
Event: 159.894 Thread 0x0000022dd46a0680 3989       3       androidx.compose.ui.gesture.util.Vector::get (10 bytes)
Event: 159.894 Thread 0x0000022dd46a0680 nmethod 3989 0x0000022db06d4610 code [0x0000022db06d47a0, 0x0000022db06d48f8]
Event: 160.647 Thread 0x0000022dd469eb80 3990       4       java.util.HashMap$Node::setValue (12 bytes)
Event: 160.648 Thread 0x0000022dd469eb80 nmethod 3990 0x0000022db770eb90 code [0x0000022db770ed00, 0x0000022db770ee58]
Event: 161.089 Thread 0x0000022dd469eb80 3991 % !   4       androidx.compose.runtime.snapshots.SnapshotStateObserver$applyObserver$1::invoke @ 425 (771 bytes)
Event: 161.165 Thread 0x0000022dd469eb80 nmethod 3991% 0x0000022db770ef10 code [0x0000022db770f1e0, 0x0000022db77126c0]
Event: 161.265 Thread 0x0000022dd469eb80 3992       4       kotlinx.coroutines.internal.ThreadContextKt$countAll$1::invoke (10 bytes)
Event: 161.265 Thread 0x0000022dd469eb80 nmethod 3992 0x0000022db7715610 code [0x0000022db77157a0, 0x0000022db7715918]
Event: 162.908 Thread 0x0000022dd46a0680 3993       3       androidx.compose.ui.input.pointer.NodeParent::<init> (21 bytes)
Event: 162.908 Thread 0x0000022dd46a0680 nmethod 3993 0x0000022db06d4a10 code [0x0000022db06d4be0, 0x0000022db06d4ec8]
Event: 162.993 Thread 0x0000022dd46a0680 3994 % !   3       java.lang.ref.Reference::processPendingReferences @ 27 (132 bytes)
Event: 162.994 Thread 0x0000022dd46a0680 nmethod 3994% 0x0000022db06d5010 code [0x0000022db06d5260, 0x0000022db06d5bf8]
Event: 162.994 Thread 0x0000022dd46a0680 3995   !   3       java.lang.ref.Reference::processPendingReferences (132 bytes)
Event: 162.994 Thread 0x0000022dd46a0680 nmethod 3995 0x0000022db06d5f10 code [0x0000022db06d6160, 0x0000022db06d6ab8]
Event: 163.027 Thread 0x0000022dd46a0680 3996 % !   3       jdk.internal.ref.CleanerImpl::run @ 20 (90 bytes)
Event: 163.031 Thread 0x0000022dd46a0680 nmethod 3996% 0x0000022db06d6d90 code [0x0000022db06d6fe0, 0x0000022db06d7fa8]
Event: 163.035 Thread 0x0000022dd46a0680 3997   !   3       jdk.internal.ref.CleanerImpl::run (90 bytes)
Event: 163.036 Thread 0x0000022dd46a0680 nmethod 3997 0x0000022db06d8490 code [0x0000022db06d86e0, 0x0000022db06d9648]

GC Heap History (14 events):
Event: 0.484 GC heap before
{Heap before GC invocations=0 (full 0):
 garbage-first heap   total 524288K, used 24576K [0x0000000601400000, 0x0000000800000000)
  region size 4096K, 6 young (24576K), 0 survivors (0K)
 Metaspace       used 8503K, capacity 8644K, committed 8960K, reserved 1056768K
  class space    used 913K, capacity 959K, committed 1024K, reserved 1048576K
}
Event: 0.486 GC heap after
{Heap after GC invocations=1 (full 0):
 garbage-first heap   total 524288K, used 3498K [0x0000000601400000, 0x0000000800000000)
  region size 4096K, 1 young (4096K), 1 survivors (4096K)
 Metaspace       used 8503K, capacity 8644K, committed 8960K, reserved 1056768K
  class space    used 913K, capacity 959K, committed 1024K, reserved 1048576K
}
Event: 0.695 GC heap before
{Heap before GC invocations=1 (full 0):
 garbage-first heap   total 524288K, used 28074K [0x0000000601400000, 0x0000000800000000)
  region size 4096K, 7 young (28672K), 1 survivors (4096K)
 Metaspace       used 13679K, capacity 13828K, committed 14080K, reserved 1062912K
  class space    used 1423K, capacity 1471K, committed 1536K, reserved 1048576K
}
Event: 0.698 GC heap after
{Heap after GC invocations=2 (full 0):
 garbage-first heap   total 524288K, used 4422K [0x0000000601400000, 0x0000000800000000)
  region size 4096K, 1 young (4096K), 1 survivors (4096K)
 Metaspace       used 13679K, capacity 13828K, committed 14080K, reserved 1062912K
  class space    used 1423K, capacity 1471K, committed 1536K, reserved 1048576K
}
Event: 13.109 GC heap before
{Heap before GC invocations=2 (full 0):
 garbage-first heap   total 524288K, used 53574K [0x0000000601400000, 0x0000000800000000)
  region size 4096K, 13 young (53248K), 1 survivors (4096K)
 Metaspace       used 19964K, capacity 20132K, committed 20352K, reserved 1067008K
  class space    used 2084K, capacity 2120K, committed 2176K, reserved 1048576K
}
Event: 13.111 GC heap after
{Heap after GC invocations=3 (full 0):
 garbage-first heap   total 524288K, used 5524K [0x0000000601400000, 0x0000000800000000)
  region size 4096K, 1 young (4096K), 1 survivors (4096K)
 Metaspace       used 19964K, capacity 20132K, committed 20352K, reserved 1067008K
  class space    used 2084K, capacity 2120K, committed 2176K, reserved 1048576K
}
Event: 69.623 GC heap before
{Heap before GC invocations=3 (full 0):
 garbage-first heap   total 524288K, used 312724K [0x0000000601400000, 0x0000000800000000)
  region size 4096K, 76 young (311296K), 1 survivors (4096K)
 Metaspace       used 20708K, capacity 20900K, committed 21248K, reserved 1069056K
  class space    used 2124K, capacity 2184K, committed 2304K, reserved 1048576K
}
Event: 69.626 GC heap after
{Heap after GC invocations=4 (full 0):
 garbage-first heap   total 524288K, used 7480K [0x0000000601400000, 0x0000000800000000)
  region size 4096K, 1 young (4096K), 1 survivors (4096K)
 Metaspace       used 20708K, capacity 20900K, committed 21248K, reserved 1069056K
  class space    used 2124K, capacity 2184K, committed 2304K, reserved 1048576K
}
Event: 131.749 GC heap before
{Heap before GC invocations=4 (full 0):
 garbage-first heap   total 524288K, used 314680K [0x0000000601400000, 0x0000000800000000)
  region size 4096K, 76 young (311296K), 1 survivors (4096K)
 Metaspace       used 20856K, capacity 21028K, committed 21248K, reserved 1069056K
  class space    used 2124K, capacity 2184K, committed 2304K, reserved 1048576K
}
Event: 131.753 GC heap after
{Heap after GC invocations=5 (full 0):
 garbage-first heap   total 524288K, used 8540K [0x0000000601400000, 0x0000000800000000)
  region size 4096K, 2 young (8192K), 2 survivors (8192K)
 Metaspace       used 20856K, capacity 21028K, committed 21248K, reserved 1069056K
  class space    used 2124K, capacity 2184K, committed 2304K, reserved 1048576K
}
Event: 162.987 GC heap before
{Heap before GC invocations=5 (full 0):
 garbage-first heap   total 524288K, used 311644K [0x0000000601400000, 0x0000000800000000)
  region size 4096K, 76 young (311296K), 2 survivors (8192K)
 Metaspace       used 20922K, capacity 21092K, committed 21248K, reserved 1069056K
  class space    used 2127K, capacity 2184K, committed 2304K, reserved 1048576K
}
Event: 162.992 GC heap after
{Heap after GC invocations=6 (full 0):
 garbage-first heap   total 524288K, used 8517K [0x0000000601400000, 0x0000000800000000)
  region size 4096K, 2 young (8192K), 2 survivors (8192K)
 Metaspace       used 20922K, capacity 21092K, committed 21248K, reserved 1069056K
  class space    used 2127K, capacity 2184K, committed 2304K, reserved 1048576K
}
Event: 163.028 GC heap before
{Heap before GC invocations=6 (full 0):
 garbage-first heap   total 524288K, used 8517K [0x0000000601400000, 0x0000000800000000)
  region size 4096K, 3 young (12288K), 2 survivors (8192K)
 Metaspace       used 20924K, capacity 21092K, committed 21248K, reserved 1069056K
  class space    used 2127K, capacity 2184K, committed 2304K, reserved 1048576K
}
Event: 163.031 GC heap after
{Heap after GC invocations=7 (full 0):
 garbage-first heap   total 524288K, used 7786K [0x0000000601400000, 0x0000000800000000)
  region size 4096K, 2 young (8192K), 2 survivors (8192K)
 Metaspace       used 20924K, capacity 21092K, committed 21248K, reserved 1069056K
  class space    used 2127K, capacity 2184K, committed 2304K, reserved 1048576K
}

Deoptimization events (20 events):
Event: 140.924 Thread 0x0000022dd57b5800 Uncommon trap: trap_request=0xffffff45 fr.pc=0x0000022db7587338 relative=0x0000000000001638
Event: 140.924 Thread 0x0000022dd57b5800 Uncommon trap: reason=unstable_if action=reinterpret pc=0x0000022db7587338 method=java.awt.EventQueue.eventToCacheIndex(Ljava/awt/AWTEvent;)I @ 4 c2
Event: 140.924 Thread 0x0000022dd57b5800 DEOPT PACKING pc=0x0000022db7587338 sp=0x000000cb5a6feff0
Event: 140.924 Thread 0x0000022dd57b5800 DEOPT UNPACKING pc=0x0000022dafa1e42f sp=0x000000cb5a6fee88 mode 2
Event: 140.927 Thread 0x0000022dd57b5800 Uncommon trap: trap_request=0xffffff45 fr.pc=0x0000022db7597fe8 relative=0x0000000000001208
Event: 140.927 Thread 0x0000022dd57b5800 Uncommon trap: reason=unstable_if action=reinterpret pc=0x0000022db7597fe8 method=java.awt.EventQueue.eventToCacheIndex(Ljava/awt/AWTEvent;)I @ 4 c2
Event: 140.927 Thread 0x0000022dd57b5800 DEOPT PACKING pc=0x0000022db7597fe8 sp=0x000000cb5a6fef50
Event: 140.927 Thread 0x0000022dd57b5800 DEOPT UNPACKING pc=0x0000022dafa1e42f sp=0x000000cb5a6fee70 mode 2
Event: 152.303 Thread 0x0000022dd5ac99f0 Uncommon trap: trap_request=0xffffffcc fr.pc=0x0000022db7703104 relative=0x00000000000002e4
Event: 152.304 Thread 0x0000022dd5ac99f0 Uncommon trap: reason=intrinsic_or_type_checked_inlining action=make_not_entrant pc=0x0000022db7703104 method=java.util.Arrays.copyOf([Ljava/lang/Object;ILjava/lang/Class;)[Ljava/lang/Object; @ 35 c2
Event: 152.304 Thread 0x0000022dd5ac99f0 DEOPT PACKING pc=0x0000022db7703104 sp=0x000000cb5b2ff3e0
Event: 152.304 Thread 0x0000022dd5ac99f0 DEOPT UNPACKING pc=0x0000022dafa1e42f sp=0x000000cb5b2ff370 mode 2
Event: 156.447 Thread 0x0000022dd57b5800 DEOPT PACKING pc=0x0000022db069559a sp=0x000000cb5a6fee50
Event: 156.447 Thread 0x0000022dd57b5800 DEOPT UNPACKING pc=0x0000022dafa1e23f sp=0x000000cb5a6fe2f0 mode 0
Event: 162.994 Thread 0x0000022dd46753f0 DEOPT PACKING pc=0x0000022db06d5aa8 sp=0x000000cb596ff230
Event: 162.994 Thread 0x0000022dd46753f0 DEOPT UNPACKING pc=0x0000022dafa1e23f sp=0x000000cb596fe6f0 mode 0
Event: 162.995 Thread 0x0000022dd46753f0 DEOPT PACKING pc=0x0000022db06d5aa8 sp=0x000000cb596ff230
Event: 162.995 Thread 0x0000022dd46753f0 DEOPT UNPACKING pc=0x0000022dafa1e23f sp=0x000000cb596fe6f0 mode 0
Event: 163.079 Thread 0x0000022dd5ac86b0 DEOPT PACKING pc=0x0000022db06d7e89 sp=0x000000cb59fff4c0
Event: 163.079 Thread 0x0000022dd5ac86b0 DEOPT UNPACKING pc=0x0000022dafa1e23f sp=0x000000cb59ffe9a0 mode 0

Classes unloaded (0 events):
No events

Classes redefined (0 events):
No events

Internal exceptions (16 events):
Event: 0.146 Thread 0x0000022da77a93a0 Exception <a 'java/lang/ClassNotFoundException'{0x0000000620e91b78}: sun/awt/resources/spi/awtProvider> (0x0000000620e91b78) 
thrown [./open/src/hotspot/share/classfile/systemDictionary.cpp, line 295]
Event: 0.159 Thread 0x0000022da77a93a0 Exception <a 'java/io/FileNotFoundException'{0x0000000620f01ea0}> (0x0000000620f01ea0) 
thrown [./open/src/hotspot/share/prims/jni.cpp, line 578]
Event: 0.164 Thread 0x0000022da77a93a0 Exception <a 'java/io/FileNotFoundException'{0x0000000620f32ab0}> (0x0000000620f32ab0) 
thrown [./open/src/hotspot/share/prims/jni.cpp, line 578]
Event: 0.164 Thread 0x0000022da77a93a0 Exception <a 'java/lang/NoSuchMethodError'{0x0000000620f35b90}: 'java.lang.Object java.lang.invoke.DirectMethodHandle$Holder.invokeStatic(java.lang.Object)'> (0x0000000620f35b90) 
thrown [./open/src/hotspot/share/interpreter/linkResolver.cpp, line 782]
Event: 0.167 Thread 0x0000022da77a93a0 Exception <a 'java/lang/NoSuchMethodError'{0x0000000620f64e78}: 'void java.lang.invoke.DirectMethodHandle$Holder.invokeSpecial(java.lang.Object, java.lang.Object, java.lang.Object)'> (0x0000000620f64e78) 
thrown [./open/src/hotspot/share/interpreter/linkResolver.cpp, line 782]
Event: 0.186 Thread 0x0000022da77a93a0 Exception <a 'java/lang/NoSuchMethodError'{0x0000000620866bb8}: 'java.lang.Object java.lang.invoke.DirectMethodHandle$Holder.invokeStaticInit(java.lang.Object)'> (0x0000000620866bb8) 
thrown [./open/src/hotspot/share/interpreter/linkResolver.cpp, line 782]
Event: 0.325 Thread 0x0000022dd57b5800 Exception <a 'java/lang/NoSuchMethodError'{0x0000000620b22c30}: 'java.lang.Object java.lang.invoke.DirectMethodHandle$Holder.newInvokeSpecial(java.lang.Object, java.lang.Object, java.lang.Object, java.lang.Object, java.lang.Object)'> (0x0000000620b22c30) 
thrown [./open/src/hotspot/share/interpreter/linkResolver.cpp, line 782]
Event: 0.326 Thread 0x0000022dd57b5800 Exception <a 'java/lang/NoSuchMethodError'{0x0000000620b2e6c0}: 'java.lang.Object java.lang.invoke.DirectMethodHandle$Holder.invokeStatic(java.lang.Object, int, java.lang.Object, java.lang.Object, java.lang.Object, java.lang.Object)'> (0x0000000620b2e6c0) 
thrown [./open/src/hotspot/share/interpreter/linkResolver.cpp, line 782]
Event: 0.329 Thread 0x0000022dd57b5800 Exception <a 'java/lang/NoSuchMethodError'{0x0000000620b54fc8}: 'java.lang.Object java.lang.invoke.DirectMethodHandle$Holder.invokeStatic(java.lang.Object, int, java.lang.Object)'> (0x0000000620b54fc8) 
thrown [./open/src/hotspot/share/interpreter/linkResolver.cpp, line 782]
Event: 0.344 Thread 0x0000022dd57b5800 Exception <a 'java/lang/ClassNotFoundException'{0x000000062041d070}: com/sun/swing/internal/plaf/metal/resources/spi/metalProvider> (0x000000062041d070) 
thrown [./open/src/hotspot/share/classfile/systemDictionary.cpp, line 295]
Event: 0.345 Thread 0x0000022dd57b5800 Exception <a 'java/lang/ClassNotFoundException'{0x0000000620423b70}: com/sun/swing/internal/plaf/basic/resources/spi/basicProvider> (0x0000000620423b70) 
thrown [./open/src/hotspot/share/classfile/systemDictionary.cpp, line 295]
Event: 0.347 Thread 0x0000022dd57b5800 Implicit null exception at 0x0000022db74cf7e0 to 0x0000022db74cf876
Event: 0.409 Thread 0x0000022dd57b5800 Exception <a 'java/lang/NoSuchMethodError'{0x0000000620168a80}: 'void java.lang.invoke.DirectMethodHandle$Holder.invokeStaticInit(java.lang.Object)'> (0x0000000620168a80) 
thrown [./open/src/hotspot/share/interpreter/linkResolver.cpp, line 782]
Event: 0.418 Thread 0x0000022dd57b5800 Exception <a 'java/lang/ClassNotFoundException'{0x00000006201e0468}: com/sun/java/swing/plaf/windows/resources/spi/windowsProvider> (0x00000006201e0468) 
thrown [./open/src/hotspot/share/classfile/systemDictionary.cpp, line 295]
Event: 38.393 Thread 0x0000022dd57b5800 Implicit null exception at 0x0000022db7559f80 to 0x0000022db755a0f0
Event: 40.424 Thread 0x0000022dd57b5800 Implicit null exception at 0x0000022db7632706 to 0x0000022db7632b98

Events (20 events):
Event: 131.390 Loaded shared library C:\Users\andy\.skiko\8c3334e41c9b2498065bff0c9ec17b188524de85f0ebdc43f9e629a7e71e33e8\skiko.dll
Event: 131.391 Loaded shared library C:\Users\andy\.skiko\8c3334e41c9b2498065bff0c9ec17b188524de85f0ebdc43f9e629a7e71e33e8\skiko.dll
Event: 131.395 Loaded shared library C:\Users\andy\.skiko\8c3334e41c9b2498065bff0c9ec17b188524de85f0ebdc43f9e629a7e71e33e8\skiko.dll
Event: 131.749 Executing VM operation: G1CollectForAllocation
Event: 131.753 Executing VM operation: G1CollectForAllocation done
Event: 142.606 Loaded shared library C:\Users\andy\.skiko\8c3334e41c9b2498065bff0c9ec17b188524de85f0ebdc43f9e629a7e71e33e8\skiko.dll
Event: 152.965 Executing VM operation: HandshakeAllThreads
Event: 152.965 Executing VM operation: HandshakeAllThreads done
Event: 159.006 Executing VM operation: HandshakeAllThreads
Event: 159.006 Executing VM operation: HandshakeAllThreads done
Event: 162.987 Executing VM operation: G1CollectForAllocation
Event: 162.992 Executing VM operation: G1CollectForAllocation done
Event: 163.027 Executing VM operation: CollectForMetadataAllocation
Event: 163.031 Executing VM operation: CollectForMetadataAllocation done
Event: 163.037 Executing VM operation: G1Concurrent
Event: 163.056 Executing VM operation: G1Concurrent done
Event: 163.056 Executing VM operation: HandshakeAllThreads
Event: 163.056 Executing VM operation: HandshakeAllThreads done
Event: 163.058 Executing VM operation: G1Concurrent
Event: 163.058 Executing VM operation: G1Concurrent done


Dynamic libraries:
0x00007ff723600000 - 0x00007ff72360d000 	C:\Users\andy\.jdks\openjdk-15.0.1\bin\java.exe
0x00007ff8de830000 - 0x00007ff8dea26000 	C:\Windows\SYSTEM32\ntdll.dll
0x00007ff8dded0000 - 0x00007ff8ddf8d000 	C:\Windows\System32\KERNEL32.DLL
0x00007ff8dc5c0000 - 0x00007ff8dc888000 	C:\Windows\System32\KERNELBASE.dll
0x00007ff8dc250000 - 0x00007ff8dc350000 	C:\Windows\System32\ucrtbase.dll
0x00007ff8d64d0000 - 0x00007ff8d64e8000 	C:\Users\andy\.jdks\openjdk-15.0.1\bin\jli.dll
0x00007ff8d2160000 - 0x00007ff8d2179000 	C:\Users\andy\.jdks\openjdk-15.0.1\bin\VCRUNTIME140.dll
0x00007ff8dd830000 - 0x00007ff8dd9d0000 	C:\Windows\System32\USER32.dll
0x00007ff8dc350000 - 0x00007ff8dc372000 	C:\Windows\System32\win32u.dll
0x00007ff8c9570000 - 0x00007ff8c980b000 	C:\Windows\WinSxS\amd64_microsoft.windows.common-controls_6595b64144ccf1df_6.0.19041.488_none_ca04af081b815d21\COMCTL32.dll
0x00007ff8dde00000 - 0x00007ff8dde2a000 	C:\Windows\System32\GDI32.dll
0x00007ff8dde30000 - 0x00007ff8ddece000 	C:\Windows\System32\msvcrt.dll
0x00007ff8dbf70000 - 0x00007ff8dc079000 	C:\Windows\System32\gdi32full.dll
0x00007ff8dc0e0000 - 0x00007ff8dc17d000 	C:\Windows\System32\msvcp_win.dll
0x00007ff8dd200000 - 0x00007ff8dd230000 	C:\Windows\System32\IMM32.DLL
0x00007ff8d98d0000 - 0x00007ff8d98dc000 	C:\Users\andy\.jdks\openjdk-15.0.1\bin\vcruntime140_1.dll
0x00007ff8d0a50000 - 0x00007ff8d0ae1000 	C:\Users\andy\.jdks\openjdk-15.0.1\bin\msvcp140.dll
0x00007ff8a43c0000 - 0x00007ff8a4f1e000 	C:\Users\andy\.jdks\openjdk-15.0.1\bin\server\jvm.dll
0x00007ff8dc890000 - 0x00007ff8dc93c000 	C:\Windows\System32\ADVAPI32.dll
0x00007ff8ddd60000 - 0x00007ff8dddfb000 	C:\Windows\System32\sechost.dll
0x00007ff8ddb70000 - 0x00007ff8ddc94000 	C:\Windows\System32\RPCRT4.dll
0x00007ff8ddca0000 - 0x00007ff8ddca8000 	C:\Windows\System32\PSAPI.DLL
0x00007ff8d7890000 - 0x00007ff8d7899000 	C:\Windows\SYSTEM32\WSOCK32.dll
0x00007ff8cda60000 - 0x00007ff8cda87000 	C:\Windows\SYSTEM32\WINMM.dll
0x00007ff8d5c40000 - 0x00007ff8d5c4a000 	C:\Windows\SYSTEM32\VERSION.dll
0x00007ff8dd460000 - 0x00007ff8dd4cb000 	C:\Windows\System32\WS2_32.dll
0x00007ff8d9ee0000 - 0x00007ff8d9ef2000 	C:\Windows\SYSTEM32\kernel.appcore.dll
0x00007ff8d9840000 - 0x00007ff8d984a000 	C:\Users\andy\.jdks\openjdk-15.0.1\bin\jimage.dll
0x00007ff8c5f00000 - 0x00007ff8c60e4000 	C:\Windows\SYSTEM32\DBGHELP.DLL
0x00007ff8c5b40000 - 0x00007ff8c5b6c000 	C:\Windows\SYSTEM32\dbgcore.DLL
0x00007ff8dc180000 - 0x00007ff8dc1ff000 	C:\Windows\System32\bcryptPrimitives.dll
0x00007ff8d6730000 - 0x00007ff8d673e000 	C:\Users\andy\.jdks\openjdk-15.0.1\bin\instrument.dll
0x00007ff8d2130000 - 0x00007ff8d2155000 	C:\Users\andy\.jdks\openjdk-15.0.1\bin\java.dll
0x00007ff8dc9d0000 - 0x00007ff8dd111000 	C:\Windows\System32\SHELL32.dll
0x00007ff8da0e0000 - 0x00007ff8da875000 	C:\Windows\SYSTEM32\windows.storage.dll
0x00007ff8dd4d0000 - 0x00007ff8dd825000 	C:\Windows\System32\combase.dll
0x00007ff8db9e0000 - 0x00007ff8dba0c000 	C:\Windows\SYSTEM32\Wldp.dll
0x00007ff8ddab0000 - 0x00007ff8ddb5e000 	C:\Windows\System32\SHCORE.dll
0x00007ff8de0c0000 - 0x00007ff8de115000 	C:\Windows\System32\shlwapi.dll
0x00007ff8dbea0000 - 0x00007ff8dbec6000 	C:\Windows\SYSTEM32\profapi.dll
0x00007ff8d0ff0000 - 0x00007ff8d1008000 	C:\Users\andy\.jdks\openjdk-15.0.1\bin\zip.dll
0x00007ff8d20e0000 - 0x00007ff8d20f9000 	C:\Users\andy\.jdks\openjdk-15.0.1\bin\net.dll
0x00007ff8d2b00000 - 0x00007ff8d2c00000 	C:\Windows\SYSTEM32\WINHTTP.dll
0x00007ff8db760000 - 0x00007ff8db7ca000 	C:\Windows\system32\mswsock.dll
0x00007ff8d1210000 - 0x00007ff8d1222000 	C:\Users\andy\.jdks\openjdk-15.0.1\bin\nio.dll
0x00007ff8b8da0000 - 0x00007ff8b8f1f000 	C:\Users\andy\.jdks\openjdk-15.0.1\bin\awt.dll
0x00007ff8dd9d0000 - 0x00007ff8dda9d000 	C:\Windows\System32\OLEAUT32.dll
0x00007ff8d9630000 - 0x00007ff8d96c0000 	C:\Windows\SYSTEM32\apphelp.dll
0x00007ff8d9a20000 - 0x00007ff8d9abe000 	C:\Windows\system32\uxtheme.dll
0x00007ff8de120000 - 0x00007ff8de235000 	C:\Windows\System32\MSCTF.dll
0x00007ff8ddf90000 - 0x00007ff8de0ba000 	C:\Windows\System32\ole32.dll
0x00007ff8d9bf0000 - 0x00007ff8d9c1f000 	C:\Windows\system32\DWMAPI.DLL
0x00007ff8acc00000 - 0x00007ff8acd25000 	C:\Windows\system32\opengl32.dll
0x00007ff8c7690000 - 0x00007ff8c76bc000 	C:\Windows\SYSTEM32\GLU32.dll
0x00007ff8d1500000 - 0x00007ff8d16ce000 	C:\Windows\system32\d3d9.dll
0x00007ff8d25d0000 - 0x00007ff8d26d2000 	C:\Windows\System32\DriverStore\FileRepository\nvgbdi.inf_amd64_bbb376926fd0f7ba\nvldumdx.dll
0x00007ff8dbb60000 - 0x00007ff8dbb72000 	C:\Windows\SYSTEM32\msasn1.dll
0x00007ff8d51d0000 - 0x00007ff8d5201000 	C:\Windows\SYSTEM32\cryptnet.dll
0x00007ff8dc460000 - 0x00007ff8dc5bd000 	C:\Windows\System32\CRYPT32.dll
0x00007ff8db950000 - 0x00007ff8db95c000 	C:\Windows\SYSTEM32\cryptbase.dll
0x00007ff8dc080000 - 0x00007ff8dc0e0000 	C:\Windows\System32\WINTRUST.DLL
0x00007ff8dd440000 - 0x00007ff8dd45d000 	C:\Windows\System32\imagehlp.dll
0x00007ff8db930000 - 0x00007ff8db948000 	C:\Windows\SYSTEM32\CRYPTSP.dll
0x00007ff8db080000 - 0x00007ff8db0b4000 	C:\Windows\system32\rsaenh.dll
0x00007ff8dc430000 - 0x00007ff8dc457000 	C:\Windows\System32\bcrypt.dll
0x00007ff896540000 - 0x00007ff897f5c000 	C:\Windows\System32\DriverStore\FileRepository\nvgbdi.inf_amd64_bbb376926fd0f7ba\nvd3dumx.dll
0x00007ff8bbec0000 - 0x00007ff8bc179000 	C:\Windows\system32\nvspcap64.dll
0x00007ff8dacb0000 - 0x00007ff8dace3000 	C:\Windows\SYSTEM32\ntmarta.dll
0x00007ff8da890000 - 0x00007ff8da8b3000 	C:\Windows\SYSTEM32\gpapi.dll
0x00007ff8d2c00000 - 0x00007ff8d2c3b000 	C:\Windows\SYSTEM32\dxcore.dll
0x00007ff8dc200000 - 0x00007ff8dc24e000 	C:\Windows\System32\cfgmgr32.dll
0x00007ff86cb60000 - 0x00007ff86d7b4000 	C:\Users\andy\.skiko\8c3334e41c9b2498065bff0c9ec17b188524de85f0ebdc43f9e629a7e71e33e8\skiko.dll
0x00007ff8cb800000 - 0x00007ff8cba7f000 	C:\Windows\SYSTEM32\dwrite.dll
0x00007ff8d0b40000 - 0x00007ff8d0bc5000 	C:\Users\andy\.jdks\openjdk-15.0.1\bin\freetype.dll
0x00007ff8b8cf0000 - 0x00007ff8b8d99000 	C:\Users\andy\.jdks\openjdk-15.0.1\bin\fontmanager.dll
0x00007ff8d0e60000 - 0x00007ff8d0f5c000 	C:\Windows\SYSTEM32\textinputframework.dll
0x00007ff8d90a0000 - 0x00007ff8d93fe000 	C:\Windows\System32\CoreUIComponents.dll
0x00007ff8d9400000 - 0x00007ff8d94f2000 	C:\Windows\System32\CoreMessaging.dll
0x00007ff8d8980000 - 0x00007ff8d8ad6000 	C:\Windows\SYSTEM32\wintypes.dll
0x00007ff8d21c0000 - 0x00007ff8d21c7000 	C:\Users\andy\.jdks\openjdk-15.0.1\bin\jawt.dll
0x00007ff8ddcb0000 - 0x00007ff8ddd59000 	C:\Windows\System32\clbcatq.dll
0x00007ff8d6600000 - 0x00007ff8d66fa000 	C:\Windows\System32\AppXDeploymentClient.dll
0x00007ff86a1c0000 - 0x00007ff86cb5d000 	C:\Windows\System32\DriverStore\FileRepository\nvgbdi.inf_amd64_bbb376926fd0f7ba\nvoglv64.dll
0x00007ff8de320000 - 0x00007ff8de787000 	C:\Windows\System32\SETUPAPI.dll
0x00007ff8d8d00000 - 0x00007ff8d8d14000 	C:\Windows\SYSTEM32\WTSAPI32.dll
0x00007ff8dbd20000 - 0x00007ff8dbd4c000 	C:\Windows\System32\DEVOBJ.dll
0x00007ff8db520000 - 0x00007ff8db56b000 	C:\Windows\SYSTEM32\powrprof.dll
0x00007ff8db3e0000 - 0x00007ff8db3f2000 	C:\Windows\SYSTEM32\UMPDC.dll
0x00007ff8dad60000 - 0x00007ff8dadba000 	C:\Windows\SYSTEM32\WINSTA.dll

dbghelp: loaded successfully - version: 4.0.5 - missing functions: none
symbol engine: initialized successfully - sym options: 0x614 - pdb path: .;C:\Users\andy\.jdks\openjdk-15.0.1\bin;C:\Windows\SYSTEM32;C:\Windows\WinSxS\amd64_microsoft.windows.common-controls_6595b64144ccf1df_6.0.19041.488_none_ca04af081b815d21;C:\Users\andy\.jdks\openjdk-15.0.1\bin\server;C:\Windows\System32\DriverStore\FileRepository\nvgbdi.inf_amd64_bbb376926fd0f7ba;C:\Users\andy\.skiko\8c3334e41c9b2498065bff0c9ec17b188524de85f0ebdc43f9e629a7e71e33e8

VM Arguments:
jvm_args: -javaagent:C:\Users\andy\.gradle\caches\modules-2\files-2.1\org.jetbrains.kotlinx\kotlinx-coroutines-core-jvm\1.4.2\4b9c6b2de7cabfb2c9ad7a5c709b1ddb7bbfd2ad\kotlinx-coroutines-core-jvm-1.4.2.jar -Dfile.encoding=windows-1252 -Duser.country=US -Duser.language=en -Duser.variant -ea 
java_command: com.github.yandroidua.ui.AppKt
java_class_path (initial): D:\KPI\4year\Network\YanNetwork\network-ui\build\classes\java\main;D:\KPI\4year\Network\YanNetwork\network-ui\build\classes\kotlin\main;D:\KPI\4year\Network\YanNetwork\network-ui\build\resources\main;D:\KPI\4year\Network\YanNetwork\network-algorithm\build\libs\network-algorithm-0.0.1.jar;D:\KPI\4year\Network\YanNetwork\network-dump\build\libs\network-dump-0.0.1.jar;D:\KPI\4year\Network\YanNetwork\network-simulation\build\libs\network-simulation-0.0.1.jar;C:\Users\andy\.gradle\caches\modules-2\files-2.1\org.jetbrains.compose.desktop\desktop-jvm\0.2.0-build131\6b6b6c50fb2fad90d77f4114d954875c07119757\desktop-jvm-0.2.0-build131.jar;C:\Users\andy\.gradle\caches\modules-2\files-2.1\org.jetbrains.compose.material\material-desktop\0.2.0-build131\b7ff970390308efce7baeffac321a246b5e12b05\material-desktop-0.2.0-build131.jar;C:\Users\andy\.gradle\caches\modules-2\files-2.1\org.jetbrains.compose.foundation\foundation-desktop\0.2.0-build131\5168b32f987e3e167cde21ce0f94940721fae1d5\foundation-desktop-0.2.0-build131.jar;C:\Users\andy\.gradle\caches\modules-2\files-2.1\org.jetbrains.compose.animation\animation-desktop\0.2.0-build131\26c423481dc6c55fe03c6fadacde89d0f9651e1b\animation-desktop-0.2.0-build131.jar;C:\Users\andy\.gradle\caches\modules-2\files-2.1\org.jetbrains.compose.foundation\foundation-layout-desktop\0.2.0-build131\ec1c866ba74a1f6bc3939799c037bc4c60dc2d16\foundation-layout-desktop-0.2.0-build131.jar;C:\Users\andy\.gradle\caches\modules-2\files-2.1\org.jetbrains.compose.material\material-icons-core-desktop\0.2.0-build131\19ff9ec239a18025da595c7c3a2a20ccb2eb389d\material-icons-core-desktop-0.2.0-build131.jar;C:\Users\andy\.gradle\caches\modules-2\files-2.1\org.jetbrains.compose.ui\ui-desktop\0.2.0-build131\21198cbd325b46a134a096cd6d9645a476f83441\ui-desktop-0.2.0-build131.jar;C:\Users\andy\.gradle\caches\modules-2\files-2.1\org.jetbrains.compose.ui\ui-text-desktop\0.2.0-build131\bb977e9bc20a2c968b86bf7d4979695a1a70d004\ui-text-desktop-0.2.0
Launcher Type: SUN_STANDARD

[Global flags]
     intx CICompilerCount                          = 4                                         {product} {ergonomic}
     uint ConcGCThreads                            = 2                                         {product} {ergonomic}
     uint G1ConcRefinementThreads                  = 8                                         {product} {ergonomic}
   size_t G1HeapRegionSize                         = 4194304                                   {product} {ergonomic}
    uintx GCDrainStackTargetSize                   = 64                                        {product} {ergonomic}
   size_t InitialHeapSize                          = 536870912                                 {product} {ergonomic}
   size_t MarkStackSize                            = 4194304                                   {product} {ergonomic}
   size_t MaxHeapSize                              = 8568963072                                {product} {ergonomic}
   size_t MaxNewSize                               = 5138022400                                {product} {ergonomic}
   size_t MinHeapDeltaBytes                        = 4194304                                   {product} {ergonomic}
   size_t MinHeapSize                              = 8388608                                   {product} {ergonomic}
    uintx NonNMethodCodeHeapSize                   = 5839372                                {pd product} {ergonomic}
    uintx NonProfiledCodeHeapSize                  = 122909434                              {pd product} {ergonomic}
    uintx ProfiledCodeHeapSize                     = 122909434                              {pd product} {ergonomic}
    uintx ReservedCodeCacheSize                    = 251658240                              {pd product} {ergonomic}
     bool SegmentedCodeCache                       = true                                      {product} {ergonomic}
   size_t SoftMaxHeapSize                          = 8568963072                             {manageable} {ergonomic}
     bool UseCompressedClassPointers               = true                                 {lp64_product} {ergonomic}
     bool UseCompressedOops                        = true                                 {lp64_product} {ergonomic}
     bool UseG1GC                                  = true                                      {product} {ergonomic}
     bool UseLargePagesIndividualAllocation        = false                                  {pd product} {ergonomic}

Logging:
Log output configuration:
 #0: stdout all=warning uptime,level,tags
 #1: stderr all=off uptime,level,tags

Environment Variables:
JAVA_HOME=C:\Users\andy\.jdks\openjdk-15.0.1
PATH=C:\Program Files (x86)\VMware\VMware Workstation\bin\;C:\Program Files (x86)\Common Files\Oracle\Java\javapath;C:\Windows\system32;C:\Windows;C:\Windows\System32\Wbem;C:\Windows\System32\WindowsPowerShell\v1.0\;C:\Windows\System32\OpenSSH\;C:\Program Files\Java\jre1.8.0_271\bin;C:\Program Files (x86)\NVIDIA Corporation\PhysX\Common;C:\Program Files\NVIDIA Corporation\NVIDIA NvDLISR;C:\ProgramData\chocolatey\bin;C:\Program Files\Git\cmd;C:\Users\andy\.jdks\openjdk-15.0.1;C:\Users\andy\AppData\Local\Microsoft\WindowsApps;;C:\Program Files\JetBrains\IntelliJ IDEA Community Edition 2020.2.3\bin;
USERNAME=andy
OS=Windows_NT
PROCESSOR_IDENTIFIER=Intel64 Family 6 Model 158 Stepping 13, GenuineIntel



---------------  S Y S T E M  ---------------

OS:
 Windows 10 , 64 bit Build 19041 (10.0.19041.546)
OS uptime: 4 days 20:31 hours

CPU: total 8 (initial active 8) (8 cores per cpu, 1 threads per core) family 6 model 158 stepping 13 microcode 0xb8, cmov, cx8, fxsr, mmx, sse, sse2, sse3, ssse3, sse4.1, sse4.2, popcnt, vzeroupper, avx, avx2, aes, clmul, erms, rtm, 3dnowpref, lzcnt, tsc, tscinvbit, bmi1, bmi2, adx, fma, clflush, clflushopt

Memory: 4k page, system-wide physical 32679M (21456M free)
TotalPageFile size 37543M (AvailPageFile size 23408M)
current process WorkingSet (physical memory assigned to process): 292M, peak: 862M
current process commit charge ("private bytes"): 484M, peak: 1430M

vm_info: OpenJDK 64-Bit Server VM (15.0.1+9-18) for windows-amd64 JRE (15.0.1+9-18), built on Sep 15 2020 14:39:31 by "mach5one" with unknown MS VC++:1925

END.
